Using pre-set license
Built from '2020.3/china_unity/release' branch; Version is '2020.3.10f1c1 (65978a05d4e9) revision 6657930'; Using compiler version '192528614'; Build Type 'Release'
OS: 'Windows 10 Home; OS build 19041.1052; Version 2004; 64bit' Language: 'en' Physical Memory: 16242 MB
BatchMode: 1, IsHumanControllingUs: 0, StartBugReporterOnCrash: 0, Is64bit: 1, IsPro: 0

 COMMAND LINE ARGUMENTS:
C:\Program Files\Unity\Hub\Editor\2020.3.10f1c1\Editor\Unity.exe
-adb2
-batchMode
-noUpm
-name
AssetImportWorker0
-projectPath
C:/Users/xingy/PingFanProject
-logFile
Logs/AssetImportWorker0.log
-srvPort
65066
Successfully changed project path to: C:/Users/xingy/PingFanProject
C:/Users/xingy/PingFanProject
Using Asset Import Pipeline V2.
Refreshing native plugins compatible for Editor in 22.92 ms, found 2 plugins.
Preloading 0 native plugins for Editor in 0.00 ms.
Initialize engine version: 2020.3.10f1c1 (65978a05d4e9)
[Subsystems] Discovering subsystems at path C:/Program Files/Unity/Hub/Editor/2020.3.10f1c1/Editor/Data/Resources/UnitySubsystems
[Subsystems] Discovering subsystems at path C:/Users/xingy/PingFanProject/Assets
GfxDevice: creating device client; threaded=0
Direct3D:
    Version:  Direct3D 11.0 [level 11.1]
    Renderer: NVIDIA GeForce RTX 2060 (ID=0x1f15)
    Vendor:   
    VRAM:     5980 MB
    Driver:   27.21.14.5206
Initialize mono
Mono path[0] = 'C:/Program Files/Unity/Hub/Editor/2020.3.10f1c1/Editor/Data/Managed'
Mono path[1] = 'C:/Program Files/Unity/Hub/Editor/2020.3.10f1c1/Editor/Data/MonoBleedingEdge/lib/mono/unityjit'
Mono config path = 'C:/Program Files/Unity/Hub/Editor/2020.3.10f1c1/Editor/Data/MonoBleedingEdge/etc'
Using monoOptions --debugger-agent=transport=dt_socket,embedding=1,server=y,suspend=n,address=127.0.0.1:56856
Begin MonoManager ReloadAssembly
Registering precompiled unity dll's ...
Register platform support module: C:/Program Files/Unity/Hub/Editor/2020.3.10f1c1/Editor/Data/PlaybackEngines/WindowsStandaloneSupport/UnityEditor.WindowsStandalone.Extensions.dll
Registered in 0.001531 seconds.
Native extension for WindowsStandalone target not found
Refreshing native plugins compatible for Editor in 22.64 ms, found 2 plugins.
Preloading 0 native plugins for Editor in 0.00 ms.
Mono: successfully reloaded assembly
- Completed reload, in  0.748 seconds
Platform modules already initialized, skipping
Registering precompiled user dll's ...
Registered in 0.002722 seconds.
Begin MonoManager ReloadAssembly
Native extension for WindowsStandalone target not found
Refreshing native plugins compatible for Editor in 0.27 ms, found 2 plugins.
Preloading 0 native plugins for Editor in 0.00 ms.
Mono: successfully reloaded assembly
- Completed reload, in  0.870 seconds
Platform modules already initialized, skipping
========================================================================
Worker process is ready to serve import requests
Launched and connected shader compiler UnityShaderCompiler.exe after 0.03 seconds
Refreshing native plugins compatible for Editor in 0.26 ms, found 2 plugins.
Preloading 0 native plugins for Editor in 0.00 ms.
Unloading 1396 Unused Serialized files (Serialized files now loaded: 0)
System memory in use before: 69.2 MB.
System memory in use after: 69.3 MB.

Unloading 18 unused Assets to reduce memory usage. Loaded Objects now: 1835.
Total: 1.515000 ms (FindLiveObjects: 0.122100 ms CreateObjectMapping: 0.038300 ms MarkObjects: 1.311600 ms  DeleteObjects: 0.042300 ms)

========================================================================
Received Import Request.
  path: Assets/Material/mat_cloud.mat
  artifactKey: Guid(476fb1fc8432ad04ba7f743459f95798) Importer(815301076,1909f56bfc062723c751e8b465ee728b)
Start importing Assets/Material/mat_cloud.mat using Guid(476fb1fc8432ad04ba7f743459f95798) Importer(815301076,1909f56bfc062723c751e8b465ee728b)  -> (artifact id: 'fb56303e3722cf7548a770942eb19deb') in 0.087079 seconds
  Import took 0.088960 seconds .

========================================================================
Received Prepare
Refreshing native plugins compatible for Editor in 2.21 ms, found 2 plugins.
Preloading 0 native plugins for Editor in 0.00 ms.
Unloading 11 Unused Serialized files (Serialized files now loaded: 0)
System memory in use before: 45.1 MB.
System memory in use after: 45.2 MB.

Unloading 11 unused Assets to reduce memory usage. Loaded Objects now: 1875.
Total: 1.668600 ms (FindLiveObjects: 0.117900 ms CreateObjectMapping: 0.038100 ms MarkObjects: 1.504100 ms  DeleteObjects: 0.007900 ms)

========================================================================
Received Import Request.
  Time since last request: 27.129191 seconds.
  path: Assets/Material/LightBulb.mat
  artifactKey: Guid(4cb4aad538680a24385bf947adeec2dd) Importer(815301076,1909f56bfc062723c751e8b465ee728b)
Start importing Assets/Material/LightBulb.mat using Guid(4cb4aad538680a24385bf947adeec2dd) Importer(815301076,1909f56bfc062723c751e8b465ee728b)  -> (artifact id: '0e1b71d71aeedef095399088afb3eafe') in 0.010508 seconds
  Import took 0.012376 seconds .

========================================================================
Received Import Request.
  Time since last request: 88.157989 seconds.
  path: Assets/Prefabs/LightPole.prefab
  artifactKey: Guid(c1acc28de49cc714987d5aaf07c61f75) Importer(815301076,1909f56bfc062723c751e8b465ee728b)
Start importing Assets/Prefabs/LightPole.prefab using Guid(c1acc28de49cc714987d5aaf07c61f75) Importer(815301076,1909f56bfc062723c751e8b465ee728b)  -> (artifact id: '46254a72e4e3a1567e5a8212ff66378f') in 0.020103 seconds
  Import took 0.022562 seconds .

========================================================================
Received Import Request.
  Time since last request: 0.000235 seconds.
  path: Assets/Prefabs/LightPole.prefab
  artifactKey: Guid(c1acc28de49cc714987d5aaf07c61f75) Importer(815301076,1909f56bfc062723c751e8b465ee728b)
Start importing Assets/Prefabs/LightPole.prefab using Guid(c1acc28de49cc714987d5aaf07c61f75) Importer(815301076,1909f56bfc062723c751e8b465ee728b)  -> (artifact id: '46254a72e4e3a1567e5a8212ff66378f') in 0.007386 seconds
  Import took 0.009436 seconds .

========================================================================
Received Prepare
Registering precompiled user dll's ...
Registered in 0.002870 seconds.
Begin MonoManager ReloadAssembly
Native extension for WindowsStandalone target not found
Refreshing native plugins compatible for Editor in 0.28 ms, found 2 plugins.
Preloading 0 native plugins for Editor in 0.00 ms.
Mono: successfully reloaded assembly
- Completed reload, in  0.890 seconds
Platform modules already initialized, skipping
Refreshing native plugins compatible for Editor in 0.27 ms, found 2 plugins.
Preloading 0 native plugins for Editor in 0.00 ms.
Unloading 1390 Unused Serialized files (Serialized files now loaded: 0)
System memory in use before: 72.4 MB.
System memory in use after: 72.5 MB.

Unloading 14 unused Assets to reduce memory usage. Loaded Objects now: 1879.
Total: 1.424400 ms (FindLiveObjects: 0.123500 ms CreateObjectMapping: 0.039200 ms MarkObjects: 1.246700 ms  DeleteObjects: 0.014300 ms)

========================================================================
Received Import Request.
  Time since last request: 56.683825 seconds.
  path: Assets/Prefabs/Ground.prefab
  artifactKey: Guid(2fec0c6b135c6324f9b1ecc19548a6c4) Importer(815301076,1909f56bfc062723c751e8b465ee728b)
Start importing Assets/Prefabs/Ground.prefab using Guid(2fec0c6b135c6324f9b1ecc19548a6c4) Importer(815301076,1909f56bfc062723c751e8b465ee728b)  -> (artifact id: 'be95a873c3fd6817250a86a9669329da') in 0.055242 seconds
  Import took 0.057764 seconds .

========================================================================
Received Prepare
Registering precompiled user dll's ...
Registered in 0.002636 seconds.
Begin MonoManager ReloadAssembly
Native extension for WindowsStandalone target not found
Refreshing native plugins compatible for Editor in 0.27 ms, found 2 plugins.
Preloading 0 native plugins for Editor in 0.00 ms.
Mono: successfully reloaded assembly
- Completed reload, in  0.893 seconds
Platform modules already initialized, skipping
Refreshing native plugins compatible for Editor in 0.29 ms, found 2 plugins.
Preloading 0 native plugins for Editor in 0.00 ms.
Unloading 1390 Unused Serialized files (Serialized files now loaded: 0)
System memory in use before: 72.5 MB.
System memory in use after: 72.6 MB.

Unloading 14 unused Assets to reduce memory usage. Loaded Objects now: 1886.
Total: 1.929900 ms (FindLiveObjects: 0.139100 ms CreateObjectMapping: 0.038000 ms MarkObjects: 1.731400 ms  DeleteObjects: 0.020100 ms)

========================================================================
Received Prepare
Registering precompiled user dll's ...
Registered in 0.002662 seconds.
Begin MonoManager ReloadAssembly
Native extension for WindowsStandalone target not found
Refreshing native plugins compatible for Editor in 0.27 ms, found 2 plugins.
Preloading 0 native plugins for Editor in 0.00 ms.
Mono: successfully reloaded assembly
- Completed reload, in  0.856 seconds
Platform modules already initialized, skipping
Refreshing native plugins compatible for Editor in 0.26 ms, found 2 plugins.
Preloading 0 native plugins for Editor in 0.00 ms.
Unloading 1390 Unused Serialized files (Serialized files now loaded: 0)
System memory in use before: 72.5 MB.
System memory in use after: 72.6 MB.

Unloading 13 unused Assets to reduce memory usage. Loaded Objects now: 1889.
Total: 1.435100 ms (FindLiveObjects: 0.121900 ms CreateObjectMapping: 0.037900 ms MarkObjects: 1.262800 ms  DeleteObjects: 0.011700 ms)

========================================================================
Received Import Request.
  Time since last request: 51.296938 seconds.
  path: Assets/Prefabs/Ground.prefab
  artifactKey: Guid(2fec0c6b135c6324f9b1ecc19548a6c4) Importer(815301076,1909f56bfc062723c751e8b465ee728b)
Start importing Assets/Prefabs/Ground.prefab using Guid(2fec0c6b135c6324f9b1ecc19548a6c4) Importer(815301076,1909f56bfc062723c751e8b465ee728b)  -> (artifact id: 'cce993396c68b048ec601fbf5414aceb') in 0.049431 seconds
  Import took 0.051500 seconds .

========================================================================
Received Import Request.
  Time since last request: 8.995760 seconds.
  path: Assets/Prefabs/Ground.prefab
  artifactKey: Guid(2fec0c6b135c6324f9b1ecc19548a6c4) Importer(815301076,1909f56bfc062723c751e8b465ee728b)
Start importing Assets/Prefabs/Ground.prefab using Guid(2fec0c6b135c6324f9b1ecc19548a6c4) Importer(815301076,1909f56bfc062723c751e8b465ee728b)  -> (artifact id: 'e177c098c5a4d48b8b994f524d2878c4') in 0.009813 seconds
  Import took 0.012755 seconds .

========================================================================
Received Import Request.
  Time since last request: 31.548142 seconds.
  path: Assets/Prefabs/LightPole.prefab
  artifactKey: Guid(c1acc28de49cc714987d5aaf07c61f75) Importer(815301076,1909f56bfc062723c751e8b465ee728b)
Start importing Assets/Prefabs/LightPole.prefab using Guid(c1acc28de49cc714987d5aaf07c61f75) Importer(815301076,1909f56bfc062723c751e8b465ee728b)  -> (artifact id: 'e52b6df94d98fb2a3fffa91f6fe6f4af') in 0.010848 seconds
  Import took 0.013211 seconds .

========================================================================
Received Import Request.
  Time since last request: 2.776703 seconds.
  path: Assets/Prefabs/LightPole.prefab
  artifactKey: Guid(c1acc28de49cc714987d5aaf07c61f75) Importer(815301076,1909f56bfc062723c751e8b465ee728b)
Start importing Assets/Prefabs/LightPole.prefab using Guid(c1acc28de49cc714987d5aaf07c61f75) Importer(815301076,1909f56bfc062723c751e8b465ee728b)  -> (artifact id: '841c7f16448111a563ae8aa9044c305c') in 0.008920 seconds
  Import took 0.012054 seconds .

========================================================================
Received Prepare
Registering precompiled user dll's ...
Registered in 0.002498 seconds.
Begin MonoManager ReloadAssembly
Native extension for WindowsStandalone target not found
Refreshing native plugins compatible for Editor in 0.27 ms, found 2 plugins.
Preloading 0 native plugins for Editor in 0.00 ms.
Mono: successfully reloaded assembly
- Completed reload, in  0.855 seconds
Platform modules already initialized, skipping
Refreshing native plugins compatible for Editor in 0.26 ms, found 2 plugins.
Preloading 0 native plugins for Editor in 0.00 ms.
Unloading 1390 Unused Serialized files (Serialized files now loaded: 0)
System memory in use before: 72.5 MB.
System memory in use after: 72.6 MB.

Unloading 14 unused Assets to reduce memory usage. Loaded Objects now: 1893.
Total: 1.458100 ms (FindLiveObjects: 0.133800 ms CreateObjectMapping: 0.038500 ms MarkObjects: 1.268900 ms  DeleteObjects: 0.015900 ms)

========================================================================
Received Prepare
Registering precompiled user dll's ...
Registered in 0.002650 seconds.
Begin MonoManager ReloadAssembly
Native extension for WindowsStandalone target not found
Refreshing native plugins compatible for Editor in 0.34 ms, found 2 plugins.
Preloading 0 native plugins for Editor in 0.00 ms.
Mono: successfully reloaded assembly
- Completed reload, in  0.837 seconds
Platform modules already initialized, skipping
Refreshing native plugins compatible for Editor in 0.28 ms, found 2 plugins.
Preloading 0 native plugins for Editor in 0.00 ms.
Unloading 1390 Unused Serialized files (Serialized files now loaded: 0)
System memory in use before: 72.5 MB.
System memory in use after: 72.6 MB.

Unloading 13 unused Assets to reduce memory usage. Loaded Objects now: 1896.
Total: 1.453400 ms (FindLiveObjects: 0.125400 ms CreateObjectMapping: 0.038500 ms MarkObjects: 1.276900 ms  DeleteObjects: 0.011800 ms)

========================================================================
Received Prepare
Registering precompiled user dll's ...
Registered in 0.002983 seconds.
Begin MonoManager ReloadAssembly
Native extension for WindowsStandalone target not found
Refreshing native plugins compatible for Editor in 0.25 ms, found 2 plugins.
Preloading 0 native plugins for Editor in 0.00 ms.
Mono: successfully reloaded assembly
- Completed reload, in  0.763 seconds
Platform modules already initialized, skipping
Refreshing native plugins compatible for Editor in 0.27 ms, found 2 plugins.
Preloading 0 native plugins for Editor in 0.00 ms.
Unloading 1390 Unused Serialized files (Serialized files now loaded: 0)
System memory in use before: 72.5 MB.
System memory in use after: 72.6 MB.

Unloading 13 unused Assets to reduce memory usage. Loaded Objects now: 1899.
Total: 1.490000 ms (FindLiveObjects: 0.141900 ms CreateObjectMapping: 0.039200 ms MarkObjects: 1.275000 ms  DeleteObjects: 0.033200 ms)

========================================================================
Received Import Request.
  Time since last request: 341.717788 seconds.
  path: Assets/Prefabs/LightPole.prefab
  artifactKey: Guid(c1acc28de49cc714987d5aaf07c61f75) Importer(815301076,1909f56bfc062723c751e8b465ee728b)
Start importing Assets/Prefabs/LightPole.prefab using Guid(c1acc28de49cc714987d5aaf07c61f75) Importer(815301076,1909f56bfc062723c751e8b465ee728b)  -> (artifact id: '043864137139facd1f8da66c9b4b54d9') in 0.047433 seconds
  Import took 0.049584 seconds .

========================================================================
Received Import Request.
  Time since last request: 7.957958 seconds.
  path: Assets/Prefabs/LightPole.prefab
  artifactKey: Guid(c1acc28de49cc714987d5aaf07c61f75) Importer(815301076,1909f56bfc062723c751e8b465ee728b)
Start importing Assets/Prefabs/LightPole.prefab using Guid(c1acc28de49cc714987d5aaf07c61f75) Importer(815301076,1909f56bfc062723c751e8b465ee728b)  -> (artifact id: '03c4d3d256dca0c20170f3e1c7934873') in 0.008896 seconds
  Import took 0.012349 seconds .

========================================================================
Received Prepare
Registering precompiled user dll's ...
Registered in 0.003047 seconds.
Begin MonoManager ReloadAssembly
Native extension for WindowsStandalone target not found
Refreshing native plugins compatible for Editor in 0.27 ms, found 2 plugins.
Preloading 0 native plugins for Editor in 0.00 ms.
Mono: successfully reloaded assembly
- Completed reload, in  0.805 seconds
Platform modules already initialized, skipping
Refreshing native plugins compatible for Editor in 0.27 ms, found 2 plugins.
Preloading 0 native plugins for Editor in 0.00 ms.
Unloading 1390 Unused Serialized files (Serialized files now loaded: 0)
System memory in use before: 72.6 MB.
System memory in use after: 72.7 MB.

Unloading 14 unused Assets to reduce memory usage. Loaded Objects now: 1903.
Total: 1.478200 ms (FindLiveObjects: 0.126500 ms CreateObjectMapping: 0.041900 ms MarkObjects: 1.294000 ms  DeleteObjects: 0.015100 ms)

========================================================================
Received Import Request.
  Time since last request: 39.646271 seconds.
  path: Assets/Prefabs/LightPole.prefab
  artifactKey: Guid(c1acc28de49cc714987d5aaf07c61f75) Importer(815301076,1909f56bfc062723c751e8b465ee728b)
Start importing Assets/Prefabs/LightPole.prefab using Guid(c1acc28de49cc714987d5aaf07c61f75) Importer(815301076,1909f56bfc062723c751e8b465ee728b)  -> (artifact id: 'f6955a11e250e5684dabec6fdae6e822') in 0.052420 seconds
  Import took 0.055378 seconds .

========================================================================
Received Import Request.
  Time since last request: 26.002158 seconds.
  path: Assets/Prefabs/LightPole.prefab
  artifactKey: Guid(c1acc28de49cc714987d5aaf07c61f75) Importer(815301076,1909f56bfc062723c751e8b465ee728b)
Start importing Assets/Prefabs/LightPole.prefab using Guid(c1acc28de49cc714987d5aaf07c61f75) Importer(815301076,1909f56bfc062723c751e8b465ee728b)  -> (artifact id: '359540404d278ed2b2adcd11c351e16a') in 0.008655 seconds
  Import took 0.017052 seconds .

========================================================================
Received Prepare
Registering precompiled user dll's ...
Registered in 0.002784 seconds.
Begin MonoManager ReloadAssembly
Native extension for WindowsStandalone target not found
Refreshing native plugins compatible for Editor in 0.27 ms, found 2 plugins.
Preloading 0 native plugins for Editor in 0.00 ms.
Mono: successfully reloaded assembly
- Completed reload, in  0.788 seconds
Platform modules already initialized, skipping
Refreshing native plugins compatible for Editor in 0.26 ms, found 2 plugins.
Preloading 0 native plugins for Editor in 0.00 ms.
Unloading 1390 Unused Serialized files (Serialized files now loaded: 0)
System memory in use before: 72.6 MB.
System memory in use after: 72.7 MB.

Unloading 14 unused Assets to reduce memory usage. Loaded Objects now: 1907.
Total: 1.456000 ms (FindLiveObjects: 0.125800 ms CreateObjectMapping: 0.039600 ms MarkObjects: 1.275100 ms  DeleteObjects: 0.014800 ms)

========================================================================
Received Import Request.
  Time since last request: 162.709090 seconds.
  path: Assets/Prefabs/LightPole.prefab
  artifactKey: Guid(c1acc28de49cc714987d5aaf07c61f75) Importer(815301076,1909f56bfc062723c751e8b465ee728b)
Start importing Assets/Prefabs/LightPole.prefab using Guid(c1acc28de49cc714987d5aaf07c61f75) Importer(815301076,1909f56bfc062723c751e8b465ee728b)  -> (artifact id: 'daa57ec5ebd87736a7a4e93035efaa5c') in 0.044318 seconds
  Import took 0.046463 seconds .

========================================================================
Received Prepare
Registering precompiled user dll's ...
Registered in 0.002671 seconds.
Begin MonoManager ReloadAssembly
Native extension for WindowsStandalone target not found
Refreshing native plugins compatible for Editor in 0.27 ms, found 2 plugins.
Preloading 0 native plugins for Editor in 0.00 ms.
Mono: successfully reloaded assembly
- Completed reload, in  0.808 seconds
Platform modules already initialized, skipping
Refreshing native plugins compatible for Editor in 0.28 ms, found 2 plugins.
Preloading 0 native plugins for Editor in 0.00 ms.
Unloading 1390 Unused Serialized files (Serialized files now loaded: 0)
System memory in use before: 72.6 MB.
System memory in use after: 72.7 MB.

Unloading 14 unused Assets to reduce memory usage. Loaded Objects now: 1911.
Total: 1.611900 ms (FindLiveObjects: 0.132500 ms CreateObjectMapping: 0.042400 ms MarkObjects: 1.419800 ms  DeleteObjects: 0.016300 ms)

========================================================================
Received Import Request.
  Time since last request: 99.054540 seconds.
  path: Assets/Prefabs/LightPole.prefab
  artifactKey: Guid(c1acc28de49cc714987d5aaf07c61f75) Importer(815301076,1909f56bfc062723c751e8b465ee728b)
Start importing Assets/Prefabs/LightPole.prefab using Guid(c1acc28de49cc714987d5aaf07c61f75) Importer(815301076,1909f56bfc062723c751e8b465ee728b)  -> (artifact id: 'c8901be96ef69b0e26cd45d49e56b232') in 0.050108 seconds
  Import took 0.052662 seconds .

========================================================================
Received Prepare
Registering precompiled user dll's ...
Registered in 0.002760 seconds.
Begin MonoManager ReloadAssembly
Native extension for WindowsStandalone target not found
Refreshing native plugins compatible for Editor in 0.27 ms, found 2 plugins.
Preloading 0 native plugins for Editor in 0.00 ms.
Mono: successfully reloaded assembly
- Completed reload, in  0.839 seconds
Platform modules already initialized, skipping
Refreshing native plugins compatible for Editor in 0.27 ms, found 2 plugins.
Preloading 0 native plugins for Editor in 0.00 ms.
Unloading 1390 Unused Serialized files (Serialized files now loaded: 0)
System memory in use before: 72.6 MB.
System memory in use after: 72.7 MB.

Unloading 14 unused Assets to reduce memory usage. Loaded Objects now: 1915.
Total: 1.479200 ms (FindLiveObjects: 0.125600 ms CreateObjectMapping: 0.038600 ms MarkObjects: 1.298900 ms  DeleteObjects: 0.015400 ms)

========================================================================
Received Prepare
Registering precompiled user dll's ...
Registered in 0.002765 seconds.
Begin MonoManager ReloadAssembly
Native extension for WindowsStandalone target not found
Refreshing native plugins compatible for Editor in 0.27 ms, found 2 plugins.
Preloading 0 native plugins for Editor in 0.00 ms.
Mono: successfully reloaded assembly
- Completed reload, in  0.829 seconds
Platform modules already initialized, skipping
Refreshing native plugins compatible for Editor in 0.26 ms, found 2 plugins.
Preloading 0 native plugins for Editor in 0.00 ms.
Unloading 1390 Unused Serialized files (Serialized files now loaded: 0)
System memory in use before: 72.6 MB.
System memory in use after: 72.7 MB.

Unloading 13 unused Assets to reduce memory usage. Loaded Objects now: 1918.
Total: 1.816400 ms (FindLiveObjects: 0.134100 ms CreateObjectMapping: 0.040000 ms MarkObjects: 1.628100 ms  DeleteObjects: 0.013300 ms)

========================================================================
Received Import Request.
  Time since last request: 91.097414 seconds.
  path: Assets/Prefabs/LightPole.prefab
  artifactKey: Guid(c1acc28de49cc714987d5aaf07c61f75) Importer(815301076,1909f56bfc062723c751e8b465ee728b)
Start importing Assets/Prefabs/LightPole.prefab using Guid(c1acc28de49cc714987d5aaf07c61f75) Importer(815301076,1909f56bfc062723c751e8b465ee728b)  -> (artifact id: 'd9971ed16d5a19cc1e57ea754cd65614') in 0.046366 seconds
  Import took 0.048559 seconds .

========================================================================
Received Prepare
Registering precompiled user dll's ...
Registered in 0.002756 seconds.
Begin MonoManager ReloadAssembly
Native extension for WindowsStandalone target not found
Refreshing native plugins compatible for Editor in 0.42 ms, found 2 plugins.
Preloading 0 native plugins for Editor in 0.00 ms.
Mono: successfully reloaded assembly
- Completed reload, in  0.998 seconds
Platform modules already initialized, skipping
Refreshing native plugins compatible for Editor in 0.35 ms, found 2 plugins.
Preloading 0 native plugins for Editor in 0.00 ms.
Unloading 1390 Unused Serialized files (Serialized files now loaded: 0)
System memory in use before: 72.6 MB.
System memory in use after: 72.7 MB.

Unloading 14 unused Assets to reduce memory usage. Loaded Objects now: 1922.
Total: 1.808300 ms (FindLiveObjects: 0.142700 ms CreateObjectMapping: 0.042700 ms MarkObjects: 1.599400 ms  DeleteObjects: 0.022400 ms)

========================================================================
Received Import Request.
  Time since last request: 16.898443 seconds.
  path: Assets/Prefabs/LightPole.prefab
  artifactKey: Guid(c1acc28de49cc714987d5aaf07c61f75) Importer(815301076,1909f56bfc062723c751e8b465ee728b)
Start importing Assets/Prefabs/LightPole.prefab using Guid(c1acc28de49cc714987d5aaf07c61f75) Importer(815301076,1909f56bfc062723c751e8b465ee728b)  -> (artifact id: '59fedecc0806a32207768a0f20f5e8cc') in 0.051675 seconds
  Import took 0.053908 seconds .

========================================================================
Received Import Request.
  Time since last request: 5.936911 seconds.
  path: Assets/Prefabs/LightPole.prefab
  artifactKey: Guid(c1acc28de49cc714987d5aaf07c61f75) Importer(815301076,1909f56bfc062723c751e8b465ee728b)
Start importing Assets/Prefabs/LightPole.prefab using Guid(c1acc28de49cc714987d5aaf07c61f75) Importer(815301076,1909f56bfc062723c751e8b465ee728b)  -> (artifact id: '8c4eac3980e7948f894a7eef90fb29c9') in 0.008792 seconds
  Import took 0.011929 seconds .

========================================================================
Received Prepare
Registering precompiled user dll's ...
Registered in 0.004086 seconds.
Begin MonoManager ReloadAssembly
Native extension for WindowsStandalone target not found
Refreshing native plugins compatible for Editor in 0.27 ms, found 2 plugins.
Preloading 0 native plugins for Editor in 0.00 ms.
Mono: successfully reloaded assembly
- Completed reload, in  0.734 seconds
Platform modules already initialized, skipping
Refreshing native plugins compatible for Editor in 0.27 ms, found 2 plugins.
Preloading 0 native plugins for Editor in 0.00 ms.
Unloading 1390 Unused Serialized files (Serialized files now loaded: 0)
System memory in use before: 72.6 MB.
System memory in use after: 72.7 MB.

Unloading 14 unused Assets to reduce memory usage. Loaded Objects now: 1926.
Total: 7.513400 ms (FindLiveObjects: 0.429200 ms CreateObjectMapping: 0.373900 ms MarkObjects: 6.684100 ms  DeleteObjects: 0.025000 ms)

========================================================================
Received Import Request.
  Time since last request: 68.161125 seconds.
  path: Assets/Prefabs/Laser.prefab
  artifactKey: Guid(f4b91dcaf9f88b945b0ee902f7704b56) Importer(815301076,1909f56bfc062723c751e8b465ee728b)
Start importing Assets/Prefabs/Laser.prefab using Guid(f4b91dcaf9f88b945b0ee902f7704b56) Importer(815301076,1909f56bfc062723c751e8b465ee728b)  -> (artifact id: 'bb92abe2c947fe35c20b015d59e63d70') in 0.057769 seconds
  Import took 0.061922 seconds .

========================================================================
Received Prepare
Registering precompiled user dll's ...
Registered in 0.002821 seconds.
Begin MonoManager ReloadAssembly
Native extension for WindowsStandalone target not found
Refreshing native plugins compatible for Editor in 0.28 ms, found 2 plugins.
Preloading 0 native plugins for Editor in 0.00 ms.
Mono: successfully reloaded assembly
- Completed reload, in  0.816 seconds
Platform modules already initialized, skipping
Refreshing native plugins compatible for Editor in 0.27 ms, found 2 plugins.
Preloading 0 native plugins for Editor in 0.00 ms.
Unloading 1390 Unused Serialized files (Serialized files now loaded: 0)
System memory in use before: 72.6 MB.
System memory in use after: 72.7 MB.

Unloading 13 unused Assets to reduce memory usage. Loaded Objects now: 1930.
Total: 1.799300 ms (FindLiveObjects: 0.232300 ms CreateObjectMapping: 0.070300 ms MarkObjects: 1.481100 ms  DeleteObjects: 0.014300 ms)

========================================================================
Received Import Request.
  Time since last request: 122.865634 seconds.
  path: Assets/Prefabs/Laser.prefab
  artifactKey: Guid(f4b91dcaf9f88b945b0ee902f7704b56) Importer(815301076,1909f56bfc062723c751e8b465ee728b)
Start importing Assets/Prefabs/Laser.prefab using Guid(f4b91dcaf9f88b945b0ee902f7704b56) Importer(815301076,1909f56bfc062723c751e8b465ee728b)  -> (artifact id: 'a2f2a0f059399b617e5163271cd6d8db') in 0.058657 seconds
  Import took 0.060819 seconds .

========================================================================
Received Prepare
Registering precompiled user dll's ...
Registered in 0.002950 seconds.
Begin MonoManager ReloadAssembly
Native extension for WindowsStandalone target not found
Refreshing native plugins compatible for Editor in 0.49 ms, found 2 plugins.
Preloading 0 native plugins for Editor in 0.00 ms.
Mono: successfully reloaded assembly
- Completed reload, in  0.988 seconds
Platform modules already initialized, skipping
Refreshing native plugins compatible for Editor in 0.27 ms, found 2 plugins.
Preloading 0 native plugins for Editor in 0.00 ms.
Unloading 1390 Unused Serialized files (Serialized files now loaded: 0)
System memory in use before: 72.6 MB.
System memory in use after: 72.7 MB.

Unloading 13 unused Assets to reduce memory usage. Loaded Objects now: 1934.
Total: 1.528500 ms (FindLiveObjects: 0.129200 ms CreateObjectMapping: 0.040000 ms MarkObjects: 1.345600 ms  DeleteObjects: 0.012900 ms)

========================================================================
Received Prepare
Refreshing native plugins compatible for Editor in 2.36 ms, found 2 plugins.
Preloading 0 native plugins for Editor in 0.00 ms.
Unloading 11 Unused Serialized files (Serialized files now loaded: 0)
System memory in use before: 45.3 MB.
System memory in use after: 45.4 MB.

Unloading 11 unused Assets to reduce memory usage. Loaded Objects now: 1934.
Total: 1.434100 ms (FindLiveObjects: 0.126800 ms CreateObjectMapping: 0.038400 ms MarkObjects: 1.259700 ms  DeleteObjects: 0.008500 ms)

========================================================================
Received Prepare
Registering precompiled user dll's ...
Registered in 0.002498 seconds.
Begin MonoManager ReloadAssembly
Native extension for WindowsStandalone target not found
Refreshing native plugins compatible for Editor in 0.26 ms, found 2 plugins.
Preloading 0 native plugins for Editor in 0.00 ms.
Mono: successfully reloaded assembly
- Completed reload, in  0.848 seconds
Platform modules already initialized, skipping
Refreshing native plugins compatible for Editor in 0.27 ms, found 2 plugins.
Preloading 0 native plugins for Editor in 0.00 ms.
Unloading 1390 Unused Serialized files (Serialized files now loaded: 0)
System memory in use before: 72.9 MB.
System memory in use after: 73.0 MB.

Unloading 13 unused Assets to reduce memory usage. Loaded Objects now: 1937.
Total: 1.466700 ms (FindLiveObjects: 0.129500 ms CreateObjectMapping: 0.041400 ms MarkObjects: 1.283000 ms  DeleteObjects: 0.012100 ms)

========================================================================
Received Prepare
Registering precompiled user dll's ...
Registered in 0.002509 seconds.
Begin MonoManager ReloadAssembly
Native extension for WindowsStandalone target not found
Refreshing native plugins compatible for Editor in 0.28 ms, found 2 plugins.
Preloading 0 native plugins for Editor in 0.00 ms.
Mono: successfully reloaded assembly
- Completed reload, in  0.866 seconds
Platform modules already initialized, skipping
Refreshing native plugins compatible for Editor in 0.31 ms, found 2 plugins.
Preloading 0 native plugins for Editor in 0.00 ms.
Unloading 1390 Unused Serialized files (Serialized files now loaded: 0)
System memory in use before: 72.9 MB.
System memory in use after: 73.0 MB.

Unloading 13 unused Assets to reduce memory usage. Loaded Objects now: 1940.
Total: 1.859900 ms (FindLiveObjects: 0.147000 ms CreateObjectMapping: 0.041300 ms MarkObjects: 1.653200 ms  DeleteObjects: 0.017400 ms)

========================================================================
Received Import Request.
  Time since last request: 498.694624 seconds.
  path: Assets/Prefabs/Ground.prefab
  artifactKey: Guid(2fec0c6b135c6324f9b1ecc19548a6c4) Importer(815301076,1909f56bfc062723c751e8b465ee728b)
Start importing Assets/Prefabs/Ground.prefab using Guid(2fec0c6b135c6324f9b1ecc19548a6c4) Importer(815301076,1909f56bfc062723c751e8b465ee728b)  -> (artifact id: '8abf7e789a9c40ce3dd3f6d4b61a3899') in 0.067802 seconds
  Import took 0.070388 seconds .

========================================================================
Received Prepare
Registering precompiled user dll's ...
Registered in 0.003631 seconds.
Begin MonoManager ReloadAssembly
Native extension for WindowsStandalone target not found
Refreshing native plugins compatible for Editor in 0.25 ms, found 2 plugins.
Preloading 0 native plugins for Editor in 0.00 ms.
Mono: successfully reloaded assembly
- Completed reload, in  0.826 seconds
Platform modules already initialized, skipping
Refreshing native plugins compatible for Editor in 0.26 ms, found 2 plugins.
Preloading 0 native plugins for Editor in 0.00 ms.
Unloading 1390 Unused Serialized files (Serialized files now loaded: 0)
System memory in use before: 72.9 MB.
System memory in use after: 73.0 MB.

Unloading 14 unused Assets to reduce memory usage. Loaded Objects now: 1944.
Total: 1.462400 ms (FindLiveObjects: 0.125900 ms CreateObjectMapping: 0.039400 ms MarkObjects: 1.281800 ms  DeleteObjects: 0.014400 ms)

========================================================================
Received Import Request.
  Time since last request: 246.344527 seconds.
  path: Assets/Prefabs/Cover_S.prefab
  artifactKey: Guid(6fdc7136d6b70e94c98f0fd0772bf7ae) Importer(815301076,1909f56bfc062723c751e8b465ee728b)
Start importing Assets/Prefabs/Cover_S.prefab using Guid(6fdc7136d6b70e94c98f0fd0772bf7ae) Importer(815301076,1909f56bfc062723c751e8b465ee728b)  -> (artifact id: '445a76e7f36138b0592ebe11bd960954') in 0.054997 seconds
  Import took 0.057245 seconds .

========================================================================
Received Prepare
Registering precompiled user dll's ...
Registered in 0.002607 seconds.
Begin MonoManager ReloadAssembly
Native extension for WindowsStandalone target not found
Refreshing native plugins compatible for Editor in 0.26 ms, found 2 plugins.
Preloading 0 native plugins for Editor in 0.00 ms.
Mono: successfully reloaded assembly
- Completed reload, in  0.833 seconds
Platform modules already initialized, skipping
Refreshing native plugins compatible for Editor in 0.27 ms, found 2 plugins.
Preloading 0 native plugins for Editor in 0.00 ms.
Unloading 1390 Unused Serialized files (Serialized files now loaded: 0)
System memory in use before: 72.9 MB.
System memory in use after: 73.0 MB.

Unloading 14 unused Assets to reduce memory usage. Loaded Objects now: 1948.
Total: 1.497200 ms (FindLiveObjects: 0.139100 ms CreateObjectMapping: 0.052300 ms MarkObjects: 1.289200 ms  DeleteObjects: 0.015600 ms)

========================================================================
Received Import Request.
  Time since last request: 21.059143 seconds.
  path: Assets/Prefabs/Cover_S.prefab
  artifactKey: Guid(6fdc7136d6b70e94c98f0fd0772bf7ae) Importer(815301076,1909f56bfc062723c751e8b465ee728b)
Start importing Assets/Prefabs/Cover_S.prefab using Guid(6fdc7136d6b70e94c98f0fd0772bf7ae) Importer(815301076,1909f56bfc062723c751e8b465ee728b)  -> (artifact id: '0d75619fec79ae7c4825987b0e86257e') in 0.052101 seconds
  Import took 0.054551 seconds .

========================================================================
Received Import Request.
  Time since last request: 37.639084 seconds.
  path: Assets/Prefabs/Marksman.prefab
  artifactKey: Guid(7214b6263e45f224c86452c0c739c66a) Importer(815301076,1909f56bfc062723c751e8b465ee728b)
Start importing Assets/Prefabs/Marksman.prefab using Guid(7214b6263e45f224c86452c0c739c66a) Importer(815301076,1909f56bfc062723c751e8b465ee728b)  -> (artifact id: '42843cbe5659967b03396e54a533c50b') in 0.016587 seconds
  Import took 0.019467 seconds .

========================================================================
Received Import Request.
  Time since last request: 9.708473 seconds.
  path: Assets/Prefabs/Marksman.prefab
  artifactKey: Guid(7214b6263e45f224c86452c0c739c66a) Importer(815301076,1909f56bfc062723c751e8b465ee728b)
Start importing Assets/Prefabs/Marksman.prefab using Guid(7214b6263e45f224c86452c0c739c66a) Importer(815301076,1909f56bfc062723c751e8b465ee728b)  -> (artifact id: '37b5bf3c10b8aa2a56e6c932149d337b') in 0.009497 seconds
  Import took 0.012668 seconds .

========================================================================
Received Import Request.
  Time since last request: 47.601761 seconds.
  path: Assets/Prefabs/Marksman.prefab
  artifactKey: Guid(7214b6263e45f224c86452c0c739c66a) Importer(815301076,1909f56bfc062723c751e8b465ee728b)
Start importing Assets/Prefabs/Marksman.prefab using Guid(7214b6263e45f224c86452c0c739c66a) Importer(815301076,1909f56bfc062723c751e8b465ee728b)  -> (artifact id: '77b459f58b1b4e6810f17c6ccdcb9c7c') in 0.007138 seconds
  Import took 0.011251 seconds .

========================================================================
Received Prepare
Registering precompiled user dll's ...
Registered in 0.002603 seconds.
Begin MonoManager ReloadAssembly
Native extension for WindowsStandalone target not found
Refreshing native plugins compatible for Editor in 0.26 ms, found 2 plugins.
Preloading 0 native plugins for Editor in 0.00 ms.
Mono: successfully reloaded assembly
- Completed reload, in  0.829 seconds
Platform modules already initialized, skipping
Refreshing native plugins compatible for Editor in 0.27 ms, found 2 plugins.
Preloading 0 native plugins for Editor in 0.00 ms.
Unloading 1390 Unused Serialized files (Serialized files now loaded: 0)
System memory in use before: 73.0 MB.
System memory in use after: 73.1 MB.

Unloading 14 unused Assets to reduce memory usage. Loaded Objects now: 1952.
Total: 1.478500 ms (FindLiveObjects: 0.126200 ms CreateObjectMapping: 0.039000 ms MarkObjects: 1.298400 ms  DeleteObjects: 0.014000 ms)

========================================================================
Received Import Request.
  Time since last request: 639.171301 seconds.
  path: Assets/Prefabs/Marksman.prefab
  artifactKey: Guid(7214b6263e45f224c86452c0c739c66a) Importer(815301076,1909f56bfc062723c751e8b465ee728b)
Start importing Assets/Prefabs/Marksman.prefab using Guid(7214b6263e45f224c86452c0c739c66a) Importer(815301076,1909f56bfc062723c751e8b465ee728b)  -> (artifact id: 'b3b25831c5b47977282b8728d005ad99') in 0.045149 seconds
  Import took 0.047035 seconds .

========================================================================
Received Import Request.
  Time since last request: 7.486318 seconds.
  path: Assets/Prefabs/Marksman.prefab
  artifactKey: Guid(7214b6263e45f224c86452c0c739c66a) Importer(815301076,1909f56bfc062723c751e8b465ee728b)
Start importing Assets/Prefabs/Marksman.prefab using Guid(7214b6263e45f224c86452c0c739c66a) Importer(815301076,1909f56bfc062723c751e8b465ee728b)  -> (artifact id: 'f5c53088dfe6427cca008620f9a460af') in 0.008016 seconds
  Import took 0.010090 seconds .

========================================================================
Received Prepare
Registering precompiled user dll's ...
Registered in 0.002538 seconds.
Begin MonoManager ReloadAssembly
Native extension for WindowsStandalone target not found
Refreshing native plugins compatible for Editor in 0.27 ms, found 2 plugins.
Preloading 0 native plugins for Editor in 0.00 ms.
Mono: successfully reloaded assembly
- Completed reload, in  0.887 seconds
Platform modules already initialized, skipping
Refreshing native plugins compatible for Editor in 0.35 ms, found 2 plugins.
Preloading 0 native plugins for Editor in 0.00 ms.
Unloading 1390 Unused Serialized files (Serialized files now loaded: 0)
System memory in use before: 73.0 MB.
System memory in use after: 73.1 MB.

Unloading 14 unused Assets to reduce memory usage. Loaded Objects now: 1957.
Total: 2.042200 ms (FindLiveObjects: 0.141300 ms CreateObjectMapping: 0.042400 ms MarkObjects: 1.828800 ms  DeleteObjects: 0.028500 ms)

========================================================================
Received Import Request.
  Time since last request: 50.356618 seconds.
  path: Assets/Prefabs/Marksman.prefab
  artifactKey: Guid(7214b6263e45f224c86452c0c739c66a) Importer(815301076,1909f56bfc062723c751e8b465ee728b)
Start importing Assets/Prefabs/Marksman.prefab using Guid(7214b6263e45f224c86452c0c739c66a) Importer(815301076,1909f56bfc062723c751e8b465ee728b)  -> (artifact id: '8dba85ff3defb5bf8a3d33478dc58cd4') in 0.056336 seconds
  Import took 0.058581 seconds .

========================================================================
Received Prepare
Registering precompiled user dll's ...
Registered in 0.002857 seconds.
Begin MonoManager ReloadAssembly
Native extension for WindowsStandalone target not found
Refreshing native plugins compatible for Editor in 0.26 ms, found 2 plugins.
Preloading 0 native plugins for Editor in 0.00 ms.
Mono: successfully reloaded assembly
- Completed reload, in  0.811 seconds
Platform modules already initialized, skipping
Refreshing native plugins compatible for Editor in 0.27 ms, found 2 plugins.
Preloading 0 native plugins for Editor in 0.00 ms.
Unloading 1390 Unused Serialized files (Serialized files now loaded: 0)
System memory in use before: 73.0 MB.
System memory in use after: 73.1 MB.

Unloading 14 unused Assets to reduce memory usage. Loaded Objects now: 1961.
Total: 1.602700 ms (FindLiveObjects: 0.143200 ms CreateObjectMapping: 0.043900 ms MarkObjects: 1.396900 ms  DeleteObjects: 0.017800 ms)

========================================================================
Received Prepare
Registering precompiled user dll's ...
Registered in 0.002776 seconds.
Begin MonoManager ReloadAssembly
Native extension for WindowsStandalone target not found
Refreshing native plugins compatible for Editor in 0.26 ms, found 2 plugins.
Preloading 0 native plugins for Editor in 0.00 ms.
Mono: successfully reloaded assembly
- Completed reload, in  0.791 seconds
Platform modules already initialized, skipping
Refreshing native plugins compatible for Editor in 0.27 ms, found 2 plugins.
Preloading 0 native plugins for Editor in 0.00 ms.
Unloading 1390 Unused Serialized files (Serialized files now loaded: 0)
System memory in use before: 73.0 MB.
System memory in use after: 73.1 MB.

Unloading 13 unused Assets to reduce memory usage. Loaded Objects now: 1964.
Total: 1.553000 ms (FindLiveObjects: 0.136600 ms CreateObjectMapping: 0.040500 ms MarkObjects: 1.360800 ms  DeleteObjects: 0.014100 ms)

========================================================================
Received Prepare
Registering precompiled user dll's ...
Registered in 0.003037 seconds.
Begin MonoManager ReloadAssembly
Native extension for WindowsStandalone target not found
Refreshing native plugins compatible for Editor in 0.31 ms, found 2 plugins.
Preloading 0 native plugins for Editor in 0.00 ms.
Mono: successfully reloaded assembly
- Completed reload, in  0.839 seconds
Platform modules already initialized, skipping
Refreshing native plugins compatible for Editor in 0.27 ms, found 2 plugins.
Preloading 0 native plugins for Editor in 0.00 ms.
Unloading 1390 Unused Serialized files (Serialized files now loaded: 0)
System memory in use before: 73.0 MB.
System memory in use after: 73.1 MB.

Unloading 13 unused Assets to reduce memory usage. Loaded Objects now: 1967.
Total: 1.579200 ms (FindLiveObjects: 0.131900 ms CreateObjectMapping: 0.041800 ms MarkObjects: 1.351900 ms  DeleteObjects: 0.052900 ms)

========================================================================
Received Prepare
Registering precompiled user dll's ...
Registered in 0.002623 seconds.
Begin MonoManager ReloadAssembly
Native extension for WindowsStandalone target not found
Refreshing native plugins compatible for Editor in 0.26 ms, found 2 plugins.
Preloading 0 native plugins for Editor in 0.00 ms.
Mono: successfully reloaded assembly
- Completed reload, in  0.824 seconds
Platform modules already initialized, skipping
Refreshing native plugins compatible for Editor in 0.28 ms, found 2 plugins.
Preloading 0 native plugins for Editor in 0.00 ms.
Unloading 1390 Unused Serialized files (Serialized files now loaded: 0)
System memory in use before: 73.0 MB.
System memory in use after: 73.2 MB.

Unloading 13 unused Assets to reduce memory usage. Loaded Objects now: 1970.
Total: 1.478700 ms (FindLiveObjects: 0.135100 ms CreateObjectMapping: 0.042900 ms MarkObjects: 1.288600 ms  DeleteObjects: 0.011500 ms)

========================================================================
Received Import Request.
  Time since last request: 691.123473 seconds.
  path: Assets/Prefabs/Marksman.prefab
  artifactKey: Guid(7214b6263e45f224c86452c0c739c66a) Importer(815301076,1909f56bfc062723c751e8b465ee728b)
Start importing Assets/Prefabs/Marksman.prefab using Guid(7214b6263e45f224c86452c0c739c66a) Importer(815301076,1909f56bfc062723c751e8b465ee728b)  -> (artifact id: 'd1ae0fdbaafd2cf32f11d3908521c327') in 0.054012 seconds
  Import took 0.056002 seconds .

========================================================================
Received Import Request.
  Time since last request: 18.566365 seconds.
  path: Assets/Prefabs/Marksman.prefab
  artifactKey: Guid(7214b6263e45f224c86452c0c739c66a) Importer(815301076,1909f56bfc062723c751e8b465ee728b)
Start importing Assets/Prefabs/Marksman.prefab using Guid(7214b6263e45f224c86452c0c739c66a) Importer(815301076,1909f56bfc062723c751e8b465ee728b)  -> (artifact id: 'ccbef79de568e687eca650d4430cfd36') in 0.008510 seconds
  Import took 0.011353 seconds .

========================================================================
Received Prepare
Registering precompiled user dll's ...
Registered in 0.002740 seconds.
Begin MonoManager ReloadAssembly
Native extension for WindowsStandalone target not found
Refreshing native plugins compatible for Editor in 0.29 ms, found 2 plugins.
Preloading 0 native plugins for Editor in 0.00 ms.
Mono: successfully reloaded assembly
- Completed reload, in  0.787 seconds
Platform modules already initialized, skipping
Refreshing native plugins compatible for Editor in 0.27 ms, found 2 plugins.
Preloading 0 native plugins for Editor in 0.00 ms.
Unloading 1390 Unused Serialized files (Serialized files now loaded: 0)
System memory in use before: 73.1 MB.
System memory in use after: 73.2 MB.

Unloading 14 unused Assets to reduce memory usage. Loaded Objects now: 1974.
Total: 1.660200 ms (FindLiveObjects: 0.129000 ms CreateObjectMapping: 0.039500 ms MarkObjects: 1.475400 ms  DeleteObjects: 0.015600 ms)

========================================================================
Received Import Request.
  Time since last request: 84.414539 seconds.
  path: Assets/Prefabs/Player_sol.prefab
  artifactKey: Guid(c6df6389df9351741a6ff2d8fc0cbca3) Importer(815301076,1909f56bfc062723c751e8b465ee728b)
Start importing Assets/Prefabs/Player_sol.prefab using Guid(c6df6389df9351741a6ff2d8fc0cbca3) Importer(815301076,1909f56bfc062723c751e8b465ee728b)  -> (artifact id: '0455a39efe4865afdf8c0fb3636d8b39') in 0.101190 seconds
  Import took 0.104165 seconds .

========================================================================
Received Import Request.
  Time since last request: 22.908556 seconds.
  path: Assets/Prefabs/Player_sol.prefab
  artifactKey: Guid(c6df6389df9351741a6ff2d8fc0cbca3) Importer(815301076,1909f56bfc062723c751e8b465ee728b)
Start importing Assets/Prefabs/Player_sol.prefab using Guid(c6df6389df9351741a6ff2d8fc0cbca3) Importer(815301076,1909f56bfc062723c751e8b465ee728b)  -> (artifact id: '5dd48eeb88a8c38705cd558377177b33') in 0.018905 seconds
  Import took 0.022643 seconds .

========================================================================
Received Import Request.
  Time since last request: 6.414735 seconds.
  path: Assets/Prefabs/Player_sol.prefab
  artifactKey: Guid(c6df6389df9351741a6ff2d8fc0cbca3) Importer(815301076,1909f56bfc062723c751e8b465ee728b)
Start importing Assets/Prefabs/Player_sol.prefab using Guid(c6df6389df9351741a6ff2d8fc0cbca3) Importer(815301076,1909f56bfc062723c751e8b465ee728b)  -> (artifact id: '2e98da221596bface1c28fc90ec8edc0') in 0.018221 seconds
  Import took 0.021854 seconds .

========================================================================
Received Import Request.
  Time since last request: 82.850879 seconds.
  path: Assets/Prefabs/Brute.prefab
  artifactKey: Guid(3f83eceee2d6e984f9603d198d2b7652) Importer(815301076,1909f56bfc062723c751e8b465ee728b)
Start importing Assets/Prefabs/Brute.prefab using Guid(3f83eceee2d6e984f9603d198d2b7652) Importer(815301076,1909f56bfc062723c751e8b465ee728b)  -> (artifact id: 'c52e78225ce0e010d4409ae4d6c5e7fa') in 0.015954 seconds
  Import took 0.018664 seconds .

========================================================================
Received Import Request.
  Time since last request: 12.847376 seconds.
  path: Assets/Prefabs/Brute.prefab
  artifactKey: Guid(3f83eceee2d6e984f9603d198d2b7652) Importer(815301076,1909f56bfc062723c751e8b465ee728b)
Start importing Assets/Prefabs/Brute.prefab using Guid(3f83eceee2d6e984f9603d198d2b7652) Importer(815301076,1909f56bfc062723c751e8b465ee728b)  -> (artifact id: '353efc3bc2d773a7c42a828fbaa7d2d8') in 0.008454 seconds
  Import took 0.010908 seconds .

========================================================================
Received Import Request.
  Time since last request: 0.002207 seconds.
  path: Assets/Prefabs/Brute.prefab
  artifactKey: Guid(3f83eceee2d6e984f9603d198d2b7652) Importer(815301076,1909f56bfc062723c751e8b465ee728b)
Start importing Assets/Prefabs/Brute.prefab using Guid(3f83eceee2d6e984f9603d198d2b7652) Importer(815301076,1909f56bfc062723c751e8b465ee728b)  -> (artifact id: '353efc3bc2d773a7c42a828fbaa7d2d8') in 0.007813 seconds
  Import took 0.010201 seconds .

========================================================================
Received Import Request.
  Time since last request: 5.187983 seconds.
  path: Assets/Prefabs/Brute.prefab
  artifactKey: Guid(3f83eceee2d6e984f9603d198d2b7652) Importer(815301076,1909f56bfc062723c751e8b465ee728b)
Start importing Assets/Prefabs/Brute.prefab using Guid(3f83eceee2d6e984f9603d198d2b7652) Importer(815301076,1909f56bfc062723c751e8b465ee728b)  -> (artifact id: '72c42ecf3d948b660bc9197574037848') in 0.009413 seconds
  Import took 0.013710 seconds .

========================================================================
Received Prepare
Registering precompiled user dll's ...
Registered in 0.002635 seconds.
Begin MonoManager ReloadAssembly
Native extension for WindowsStandalone target not found
Refreshing native plugins compatible for Editor in 0.31 ms, found 2 plugins.
Preloading 0 native plugins for Editor in 0.00 ms.
Mono: successfully reloaded assembly
- Completed reload, in  0.842 seconds
Platform modules already initialized, skipping
Refreshing native plugins compatible for Editor in 0.30 ms, found 2 plugins.
Preloading 0 native plugins for Editor in 0.00 ms.
Unloading 1390 Unused Serialized files (Serialized files now loaded: 0)
System memory in use before: 86.7 MB.
System memory in use after: 86.8 MB.

Unloading 13 unused Assets to reduce memory usage. Loaded Objects now: 1979.
Total: 1.892500 ms (FindLiveObjects: 0.215700 ms CreateObjectMapping: 0.050900 ms MarkObjects: 1.610100 ms  DeleteObjects: 0.014500 ms)

========================================================================
Received Import Request.
  Time since last request: 6.312967 seconds.
  path: Assets/Prefabs/Brute.prefab
  artifactKey: Guid(3f83eceee2d6e984f9603d198d2b7652) Importer(815301076,1909f56bfc062723c751e8b465ee728b)
Start importing Assets/Prefabs/Brute.prefab using Guid(3f83eceee2d6e984f9603d198d2b7652) Importer(815301076,1909f56bfc062723c751e8b465ee728b)  -> (artifact id: '2cdda0f92a380a3053a68290084b6e40') in 0.061202 seconds
  Import took 0.063597 seconds .

========================================================================
Received Prepare
Registering precompiled user dll's ...
Registered in 0.002529 seconds.
Begin MonoManager ReloadAssembly
Native extension for WindowsStandalone target not found
Refreshing native plugins compatible for Editor in 0.26 ms, found 2 plugins.
Preloading 0 native plugins for Editor in 0.00 ms.
Mono: successfully reloaded assembly
- Completed reload, in  0.831 seconds
Platform modules already initialized, skipping
Refreshing native plugins compatible for Editor in 0.26 ms, found 2 plugins.
Preloading 0 native plugins for Editor in 0.00 ms.
Unloading 1390 Unused Serialized files (Serialized files now loaded: 0)
System memory in use before: 86.7 MB.
System memory in use after: 86.8 MB.

Unloading 13 unused Assets to reduce memory usage. Loaded Objects now: 1983.
Total: 1.512800 ms (FindLiveObjects: 0.140200 ms CreateObjectMapping: 0.038600 ms MarkObjects: 1.320700 ms  DeleteObjects: 0.012600 ms)

========================================================================
Received Import Request.
  Time since last request: 327.712860 seconds.
  path: Assets/Prefabs/Marksman.prefab
  artifactKey: Guid(7214b6263e45f224c86452c0c739c66a) Importer(815301076,1909f56bfc062723c751e8b465ee728b)
Start importing Assets/Prefabs/Marksman.prefab using Guid(7214b6263e45f224c86452c0c739c66a) Importer(815301076,1909f56bfc062723c751e8b465ee728b)  -> (artifact id: '01433adb5bf74366c1c741d368552993') in 0.047006 seconds
  Import took 0.048978 seconds .

========================================================================
Received Import Request.
  Time since last request: 9.271993 seconds.
  path: Assets/Prefabs/Empty.prefab
  artifactKey: Guid(2db243be854e68841af7df1f17a6d7b5) Importer(815301076,1909f56bfc062723c751e8b465ee728b)
Start importing Assets/Prefabs/Empty.prefab using Guid(2db243be854e68841af7df1f17a6d7b5) Importer(815301076,1909f56bfc062723c751e8b465ee728b)  -> (artifact id: '5e6f81ad5687f4e929c062e9b5340008') in 0.007692 seconds
  Import took 0.010052 seconds .

========================================================================
Received Import Request.
  Time since last request: 0.001313 seconds.
  path: Assets/Prefabs/Empty.prefab
  artifactKey: Guid(2db243be854e68841af7df1f17a6d7b5) Importer(815301076,1909f56bfc062723c751e8b465ee728b)
Start importing Assets/Prefabs/Empty.prefab using Guid(2db243be854e68841af7df1f17a6d7b5) Importer(815301076,1909f56bfc062723c751e8b465ee728b)  -> (artifact id: '5e6f81ad5687f4e929c062e9b5340008') in 0.003201 seconds
  Import took 0.005388 seconds .

========================================================================
Received Import Request.
  Time since last request: 11.570268 seconds.
  path: Assets/Prefabs/Marksman.prefab
  artifactKey: Guid(7214b6263e45f224c86452c0c739c66a) Importer(815301076,1909f56bfc062723c751e8b465ee728b)
Start importing Assets/Prefabs/Marksman.prefab using Guid(7214b6263e45f224c86452c0c739c66a) Importer(815301076,1909f56bfc062723c751e8b465ee728b)  -> (artifact id: '348f1dfb40e12912e7baf6597d951968') in 0.010247 seconds
  Import took 0.013637 seconds .

========================================================================
Received Prepare
Registering precompiled user dll's ...
Registered in 0.002508 seconds.
Begin MonoManager ReloadAssembly
Native extension for WindowsStandalone target not found
Refreshing native plugins compatible for Editor in 0.27 ms, found 2 plugins.
Preloading 0 native plugins for Editor in 0.00 ms.
Mono: successfully reloaded assembly
- Completed reload, in  0.841 seconds
Platform modules already initialized, skipping
Refreshing native plugins compatible for Editor in 0.27 ms, found 2 plugins.
Preloading 0 native plugins for Editor in 0.00 ms.
Unloading 1390 Unused Serialized files (Serialized files now loaded: 0)
System memory in use before: 86.7 MB.
System memory in use after: 86.8 MB.

Unloading 14 unused Assets to reduce memory usage. Loaded Objects now: 1987.
Total: 1.466800 ms (FindLiveObjects: 0.131500 ms CreateObjectMapping: 0.040000 ms MarkObjects: 1.278600 ms  DeleteObjects: 0.015900 ms)

========================================================================
Received Prepare
Registering precompiled user dll's ...
Registered in 0.002485 seconds.
Begin MonoManager ReloadAssembly
Native extension for WindowsStandalone target not found
Refreshing native plugins compatible for Editor in 0.27 ms, found 2 plugins.
Preloading 0 native plugins for Editor in 0.00 ms.
Mono: successfully reloaded assembly
- Completed reload, in  0.844 seconds
Platform modules already initialized, skipping
Refreshing native plugins compatible for Editor in 0.26 ms, found 2 plugins.
Preloading 0 native plugins for Editor in 0.00 ms.
Unloading 1390 Unused Serialized files (Serialized files now loaded: 0)
System memory in use before: 86.7 MB.
System memory in use after: 86.8 MB.

Unloading 13 unused Assets to reduce memory usage. Loaded Objects now: 1990.
Total: 1.484500 ms (FindLiveObjects: 0.126800 ms CreateObjectMapping: 0.038100 ms MarkObjects: 1.308000 ms  DeleteObjects: 0.010700 ms)

========================================================================
Received Prepare
Registering precompiled user dll's ...
Registered in 0.002490 seconds.
Begin MonoManager ReloadAssembly
Native extension for WindowsStandalone target not found
Refreshing native plugins compatible for Editor in 0.27 ms, found 2 plugins.
Preloading 0 native plugins for Editor in 0.00 ms.
Mono: successfully reloaded assembly
- Completed reload, in  0.828 seconds
Platform modules already initialized, skipping
Refreshing native plugins compatible for Editor in 0.27 ms, found 2 plugins.
Preloading 0 native plugins for Editor in 0.00 ms.
Unloading 1390 Unused Serialized files (Serialized files now loaded: 0)
System memory in use before: 86.7 MB.
System memory in use after: 86.8 MB.

Unloading 13 unused Assets to reduce memory usage. Loaded Objects now: 1993.
Total: 1.523600 ms (FindLiveObjects: 0.137400 ms CreateObjectMapping: 0.040400 ms MarkObjects: 1.333100 ms  DeleteObjects: 0.012100 ms)

========================================================================
Received Prepare
Registering precompiled user dll's ...
Registered in 0.003236 seconds.
Begin MonoManager ReloadAssembly
Native extension for WindowsStandalone target not found
Refreshing native plugins compatible for Editor in 0.27 ms, found 2 plugins.
Preloading 0 native plugins for Editor in 0.00 ms.
Mono: successfully reloaded assembly
- Completed reload, in  0.807 seconds
Platform modules already initialized, skipping
Refreshing native plugins compatible for Editor in 0.27 ms, found 2 plugins.
Preloading 0 native plugins for Editor in 0.00 ms.
Unloading 1390 Unused Serialized files (Serialized files now loaded: 0)
System memory in use before: 86.7 MB.
System memory in use after: 86.8 MB.

Unloading 13 unused Assets to reduce memory usage. Loaded Objects now: 1996.
Total: 1.482200 ms (FindLiveObjects: 0.131900 ms CreateObjectMapping: 0.040600 ms MarkObjects: 1.297800 ms  DeleteObjects: 0.011100 ms)

========================================================================
Received Prepare
Registering precompiled user dll's ...
Registered in 0.002809 seconds.
Begin MonoManager ReloadAssembly
Native extension for WindowsStandalone target not found
Refreshing native plugins compatible for Editor in 0.26 ms, found 2 plugins.
Preloading 0 native plugins for Editor in 0.00 ms.
Mono: successfully reloaded assembly
- Completed reload, in  0.852 seconds
Platform modules already initialized, skipping
Refreshing native plugins compatible for Editor in 0.26 ms, found 2 plugins.
Preloading 0 native plugins for Editor in 0.00 ms.
Unloading 1390 Unused Serialized files (Serialized files now loaded: 0)
System memory in use before: 86.7 MB.
System memory in use after: 86.9 MB.

Unloading 13 unused Assets to reduce memory usage. Loaded Objects now: 1999.
Total: 1.526800 ms (FindLiveObjects: 0.163700 ms CreateObjectMapping: 0.045800 ms MarkObjects: 1.304300 ms  DeleteObjects: 0.012100 ms)

========================================================================
Received Prepare
Registering precompiled user dll's ...
Registered in 0.003204 seconds.
Begin MonoManager ReloadAssembly
Native extension for WindowsStandalone target not found
Refreshing native plugins compatible for Editor in 0.27 ms, found 2 plugins.
Preloading 0 native plugins for Editor in 0.00 ms.
Mono: successfully reloaded assembly
- Completed reload, in  0.856 seconds
Platform modules already initialized, skipping
Refreshing native plugins compatible for Editor in 0.27 ms, found 2 plugins.
Preloading 0 native plugins for Editor in 0.00 ms.
Unloading 1390 Unused Serialized files (Serialized files now loaded: 0)
System memory in use before: 86.8 MB.
System memory in use after: 86.9 MB.

Unloading 13 unused Assets to reduce memory usage. Loaded Objects now: 2002.
Total: 1.478900 ms (FindLiveObjects: 0.128500 ms CreateObjectMapping: 0.039200 ms MarkObjects: 1.299300 ms  DeleteObjects: 0.011100 ms)

========================================================================
Received Prepare
Registering precompiled user dll's ...
Registered in 0.002564 seconds.
Begin MonoManager ReloadAssembly
Native extension for WindowsStandalone target not found
Refreshing native plugins compatible for Editor in 0.26 ms, found 2 plugins.
Preloading 0 native plugins for Editor in 0.00 ms.
Mono: successfully reloaded assembly
- Completed reload, in  0.790 seconds
Platform modules already initialized, skipping
Refreshing native plugins compatible for Editor in 0.27 ms, found 2 plugins.
Preloading 0 native plugins for Editor in 0.00 ms.
Unloading 1390 Unused Serialized files (Serialized files now loaded: 0)
System memory in use before: 86.8 MB.
System memory in use after: 86.9 MB.

Unloading 13 unused Assets to reduce memory usage. Loaded Objects now: 2005.
Total: 1.494700 ms (FindLiveObjects: 0.136200 ms CreateObjectMapping: 0.041900 ms MarkObjects: 1.303400 ms  DeleteObjects: 0.012400 ms)

========================================================================
Received Prepare
Registering precompiled user dll's ...
Registered in 0.002505 seconds.
Begin MonoManager ReloadAssembly
Native extension for WindowsStandalone target not found
Refreshing native plugins compatible for Editor in 0.27 ms, found 2 plugins.
Preloading 0 native plugins for Editor in 0.00 ms.
Mono: successfully reloaded assembly
- Completed reload, in  0.844 seconds
Platform modules already initialized, skipping
Refreshing native plugins compatible for Editor in 0.28 ms, found 2 plugins.
Preloading 0 native plugins for Editor in 0.00 ms.
Unloading 1390 Unused Serialized files (Serialized files now loaded: 0)
System memory in use before: 86.8 MB.
System memory in use after: 86.9 MB.

Unloading 13 unused Assets to reduce memory usage. Loaded Objects now: 2008.
Total: 1.555300 ms (FindLiveObjects: 0.137500 ms CreateObjectMapping: 0.045700 ms MarkObjects: 1.358900 ms  DeleteObjects: 0.012400 ms)

========================================================================
Received Import Request.
  Time since last request: 920.711689 seconds.
  path: Assets/Prefabs/Marksman.prefab
  artifactKey: Guid(7214b6263e45f224c86452c0c739c66a) Importer(815301076,1909f56bfc062723c751e8b465ee728b)
Start importing Assets/Prefabs/Marksman.prefab using Guid(7214b6263e45f224c86452c0c739c66a) Importer(815301076,1909f56bfc062723c751e8b465ee728b)  -> (artifact id: '6b1046fd086480427e82857094f79854') in 0.068163 seconds
  Import took 0.070584 seconds .

========================================================================
Received Import Request.
  Time since last request: 2.656948 seconds.
  path: Assets/Prefabs/Marksman.prefab
  artifactKey: Guid(7214b6263e45f224c86452c0c739c66a) Importer(815301076,1909f56bfc062723c751e8b465ee728b)
Start importing Assets/Prefabs/Marksman.prefab using Guid(7214b6263e45f224c86452c0c739c66a) Importer(815301076,1909f56bfc062723c751e8b465ee728b)  -> (artifact id: '2b5c63a07649ac1fbed525501d028956') in 0.010531 seconds
  Import took 0.014571 seconds .

========================================================================
Received Import Request.
  Time since last request: 6.725659 seconds.
  path: Assets/Prefabs/Marksman.prefab
  artifactKey: Guid(7214b6263e45f224c86452c0c739c66a) Importer(815301076,1909f56bfc062723c751e8b465ee728b)
Start importing Assets/Prefabs/Marksman.prefab using Guid(7214b6263e45f224c86452c0c739c66a) Importer(815301076,1909f56bfc062723c751e8b465ee728b)  -> (artifact id: '1d2de8c3869422b615877c7251fd9248') in 0.008872 seconds
  Import took 0.011735 seconds .

========================================================================
Received Import Request.
  Time since last request: 16.071479 seconds.
  path: Assets/Prefabs/Marksman.prefab
  artifactKey: Guid(7214b6263e45f224c86452c0c739c66a) Importer(815301076,1909f56bfc062723c751e8b465ee728b)
Start importing Assets/Prefabs/Marksman.prefab using Guid(7214b6263e45f224c86452c0c739c66a) Importer(815301076,1909f56bfc062723c751e8b465ee728b)  -> (artifact id: '93e4951b37b5f1be21ff3134dffbf1c1') in 0.008816 seconds
  Import took 0.011799 seconds .

========================================================================
Received Import Request.
  Time since last request: 0.557105 seconds.
  path: Assets/Prefabs/Marksman.prefab
  artifactKey: Guid(7214b6263e45f224c86452c0c739c66a) Importer(815301076,1909f56bfc062723c751e8b465ee728b)
Start importing Assets/Prefabs/Marksman.prefab using Guid(7214b6263e45f224c86452c0c739c66a) Importer(815301076,1909f56bfc062723c751e8b465ee728b)  -> (artifact id: '6622a7abc9b7f9b9afcd04a6db327109') in 0.010356 seconds
  Import took 0.012642 seconds .

========================================================================
Received Import Request.
  Time since last request: 0.603842 seconds.
  path: Assets/Prefabs/Marksman.prefab
  artifactKey: Guid(7214b6263e45f224c86452c0c739c66a) Importer(815301076,1909f56bfc062723c751e8b465ee728b)
Start importing Assets/Prefabs/Marksman.prefab using Guid(7214b6263e45f224c86452c0c739c66a) Importer(815301076,1909f56bfc062723c751e8b465ee728b)  -> (artifact id: 'c04a20e956e3070e305982963b66bf36') in 0.029187 seconds
  Import took 0.039652 seconds .

========================================================================
Received Import Request.
  Time since last request: 77.371882 seconds.
  path: Assets/Material/LightBulb.mat
  artifactKey: Guid(4cb4aad538680a24385bf947adeec2dd) Importer(815301076,1909f56bfc062723c751e8b465ee728b)
Start importing Assets/Material/LightBulb.mat using Guid(4cb4aad538680a24385bf947adeec2dd) Importer(815301076,1909f56bfc062723c751e8b465ee728b)  -> (artifact id: 'bcf6606de03349c81b7db74034bcb737') in 0.020969 seconds
  Import took 0.023939 seconds .

========================================================================
Received Import Request.
  Time since last request: 48.276596 seconds.
  path: Assets/Prefabs/Assasin.prefab
  artifactKey: Guid(05f93d3ed03bb104c8abd1aa788faebc) Importer(815301076,1909f56bfc062723c751e8b465ee728b)
Start importing Assets/Prefabs/Assasin.prefab using Guid(05f93d3ed03bb104c8abd1aa788faebc) Importer(815301076,1909f56bfc062723c751e8b465ee728b)  -> (artifact id: '23e039ec455ce4faa803170d9a2267d4') in 0.011771 seconds
  Import took 0.014140 seconds .

========================================================================
Received Prepare
Registering precompiled user dll's ...
Registered in 0.002956 seconds.
Begin MonoManager ReloadAssembly
Native extension for WindowsStandalone target not found
Refreshing native plugins compatible for Editor in 0.27 ms, found 2 plugins.
Preloading 0 native plugins for Editor in 0.00 ms.
Mono: successfully reloaded assembly
- Completed reload, in  0.830 seconds
Platform modules already initialized, skipping
Refreshing native plugins compatible for Editor in 0.34 ms, found 2 plugins.
Preloading 0 native plugins for Editor in 0.00 ms.
Unloading 1390 Unused Serialized files (Serialized files now loaded: 0)
System memory in use before: 86.8 MB.
System memory in use after: 86.9 MB.

Unloading 14 unused Assets to reduce memory usage. Loaded Objects now: 2012.
Total: 1.611900 ms (FindLiveObjects: 0.140500 ms CreateObjectMapping: 0.043300 ms MarkObjects: 1.376600 ms  DeleteObjects: 0.050900 ms)

========================================================================
Received Import Request.
  Time since last request: 7.966228 seconds.
  path: Assets/Prefabs/Marksman.prefab
  artifactKey: Guid(7214b6263e45f224c86452c0c739c66a) Importer(815301076,1909f56bfc062723c751e8b465ee728b)
Start importing Assets/Prefabs/Marksman.prefab using Guid(7214b6263e45f224c86452c0c739c66a) Importer(815301076,1909f56bfc062723c751e8b465ee728b)  -> (artifact id: '39c2a42768dceba474dd6ef3fd969f0f') in 0.049910 seconds
  Import took 0.051998 seconds .

========================================================================
Received Import Request.
  Time since last request: 1.644894 seconds.
  path: Assets/Prefabs/Marksman.prefab
  artifactKey: Guid(7214b6263e45f224c86452c0c739c66a) Importer(815301076,1909f56bfc062723c751e8b465ee728b)
Start importing Assets/Prefabs/Marksman.prefab using Guid(7214b6263e45f224c86452c0c739c66a) Importer(815301076,1909f56bfc062723c751e8b465ee728b)  -> (artifact id: '39c2a42768dceba474dd6ef3fd969f0f') in 0.012531 seconds
  Import took 0.014930 seconds .

========================================================================
Received Prepare
Registering precompiled user dll's ...
Registered in 0.002970 seconds.
Begin MonoManager ReloadAssembly
Native extension for WindowsStandalone target not found
Refreshing native plugins compatible for Editor in 0.27 ms, found 2 plugins.
Preloading 0 native plugins for Editor in 0.00 ms.
Mono: successfully reloaded assembly
- Completed reload, in  0.800 seconds
Platform modules already initialized, skipping
Refreshing native plugins compatible for Editor in 0.26 ms, found 2 plugins.
Preloading 0 native plugins for Editor in 0.00 ms.
Unloading 1390 Unused Serialized files (Serialized files now loaded: 0)
System memory in use before: 86.8 MB.
System memory in use after: 86.9 MB.

Unloading 14 unused Assets to reduce memory usage. Loaded Objects now: 2016.
Total: 1.559600 ms (FindLiveObjects: 0.136400 ms CreateObjectMapping: 0.041400 ms MarkObjects: 1.365000 ms  DeleteObjects: 0.015900 ms)

========================================================================
Received Import Request.
  Time since last request: 69.240921 seconds.
  path: Assets/Prefabs/Marksman.prefab
  artifactKey: Guid(7214b6263e45f224c86452c0c739c66a) Importer(815301076,1909f56bfc062723c751e8b465ee728b)
Start importing Assets/Prefabs/Marksman.prefab using Guid(7214b6263e45f224c86452c0c739c66a) Importer(815301076,1909f56bfc062723c751e8b465ee728b)  -> (artifact id: '2dd2f7031d7822ab240c644605bd24bc') in 0.051881 seconds
  Import took 0.054663 seconds .

========================================================================
Received Prepare
Registering precompiled user dll's ...
Registered in 0.003356 seconds.
Begin MonoManager ReloadAssembly
Native extension for WindowsStandalone target not found
Refreshing native plugins compatible for Editor in 0.25 ms, found 2 plugins.
Preloading 0 native plugins for Editor in 0.00 ms.
Mono: successfully reloaded assembly
- Completed reload, in  0.805 seconds
Platform modules already initialized, skipping
Refreshing native plugins compatible for Editor in 0.27 ms, found 2 plugins.
Preloading 0 native plugins for Editor in 0.00 ms.
Unloading 1390 Unused Serialized files (Serialized files now loaded: 0)
System memory in use before: 86.8 MB.
System memory in use after: 86.9 MB.

Unloading 13 unused Assets to reduce memory usage. Loaded Objects now: 2020.
Total: 1.503900 ms (FindLiveObjects: 0.135900 ms CreateObjectMapping: 0.042400 ms MarkObjects: 1.313800 ms  DeleteObjects: 0.011200 ms)

========================================================================
Received Import Request.
  Time since last request: 135.818588 seconds.
  path: Assets/Prefabs/Assasin.prefab
  artifactKey: Guid(05f93d3ed03bb104c8abd1aa788faebc) Importer(815301076,1909f56bfc062723c751e8b465ee728b)
Start importing Assets/Prefabs/Assasin.prefab using Guid(05f93d3ed03bb104c8abd1aa788faebc) Importer(815301076,1909f56bfc062723c751e8b465ee728b)  -> (artifact id: '8ddbf45f9a3d10145a318acdd2238f6b') in 0.049422 seconds
  Import took 0.051434 seconds .

========================================================================
Received Import Request.
  Time since last request: 57.365925 seconds.
  path: Assets/Prefabs/Assasin.prefab
  artifactKey: Guid(05f93d3ed03bb104c8abd1aa788faebc) Importer(815301076,1909f56bfc062723c751e8b465ee728b)
Start importing Assets/Prefabs/Assasin.prefab using Guid(05f93d3ed03bb104c8abd1aa788faebc) Importer(815301076,1909f56bfc062723c751e8b465ee728b)  -> (artifact id: 'fdc99a94559f65fa2ce486b9b8003f1e') in 0.008738 seconds
  Import took 0.011701 seconds .

========================================================================
Received Import Request.
  Time since last request: 0.983408 seconds.
  path: Assets/Prefabs/Assasin.prefab
  artifactKey: Guid(05f93d3ed03bb104c8abd1aa788faebc) Importer(815301076,1909f56bfc062723c751e8b465ee728b)
Start importing Assets/Prefabs/Assasin.prefab using Guid(05f93d3ed03bb104c8abd1aa788faebc) Importer(815301076,1909f56bfc062723c751e8b465ee728b)  -> (artifact id: '7758a059511c04843921369dc7594f19') in 0.009144 seconds
  Import took 0.011327 seconds .

========================================================================
Received Import Request.
  Time since last request: 5.666579 seconds.
  path: Assets/Prefabs/Assasin.prefab
  artifactKey: Guid(05f93d3ed03bb104c8abd1aa788faebc) Importer(815301076,1909f56bfc062723c751e8b465ee728b)
Start importing Assets/Prefabs/Assasin.prefab using Guid(05f93d3ed03bb104c8abd1aa788faebc) Importer(815301076,1909f56bfc062723c751e8b465ee728b)  -> (artifact id: '4a0244e7e723cdb1c2a9d8c47699f0c2') in 0.008994 seconds
  Import took 0.011962 seconds .

========================================================================
Received Prepare
Registering precompiled user dll's ...
Registered in 0.003110 seconds.
Begin MonoManager ReloadAssembly
Native extension for WindowsStandalone target not found
Refreshing native plugins compatible for Editor in 0.26 ms, found 2 plugins.
Preloading 0 native plugins for Editor in 0.00 ms.
Mono: successfully reloaded assembly
- Completed reload, in  0.810 seconds
Platform modules already initialized, skipping
Refreshing native plugins compatible for Editor in 0.27 ms, found 2 plugins.
Preloading 0 native plugins for Editor in 0.00 ms.
Unloading 1390 Unused Serialized files (Serialized files now loaded: 0)
System memory in use before: 86.8 MB.
System memory in use after: 86.9 MB.

Unloading 13 unused Assets to reduce memory usage. Loaded Objects now: 2024.
Total: 1.512200 ms (FindLiveObjects: 0.136700 ms CreateObjectMapping: 0.040500 ms MarkObjects: 1.322800 ms  DeleteObjects: 0.011400 ms)

========================================================================
Received Import Request.
  Time since last request: 172.012825 seconds.
  path: Assets/Prefabs/Assasin.prefab
  artifactKey: Guid(05f93d3ed03bb104c8abd1aa788faebc) Importer(815301076,1909f56bfc062723c751e8b465ee728b)
Start importing Assets/Prefabs/Assasin.prefab using Guid(05f93d3ed03bb104c8abd1aa788faebc) Importer(815301076,1909f56bfc062723c751e8b465ee728b)  -> (artifact id: 'f185a8bec959d159b561ac7346f52a52') in 0.049373 seconds
  Import took 0.051372 seconds .

========================================================================
Received Import Request.
  Time since last request: 4.988569 seconds.
  path: Assets/Prefabs/Assasin.prefab
  artifactKey: Guid(05f93d3ed03bb104c8abd1aa788faebc) Importer(815301076,1909f56bfc062723c751e8b465ee728b)
Start importing Assets/Prefabs/Assasin.prefab using Guid(05f93d3ed03bb104c8abd1aa788faebc) Importer(815301076,1909f56bfc062723c751e8b465ee728b)  -> (artifact id: '40604e47c18adbd91e502efa845c99ac') in 0.007715 seconds
  Import took 0.010131 seconds .

========================================================================
Received Import Request.
  Time since last request: 7.770892 seconds.
  path: Assets/Prefabs/Minion.prefab
  artifactKey: Guid(e8dba984ec1ecaf419ee60a1f899f7e1) Importer(815301076,1909f56bfc062723c751e8b465ee728b)
Start importing Assets/Prefabs/Minion.prefab using Guid(e8dba984ec1ecaf419ee60a1f899f7e1) Importer(815301076,1909f56bfc062723c751e8b465ee728b)  -> (artifact id: '392ac580ef713e80c44343f8ad625549') in 0.013999 seconds
  Import took 0.016312 seconds .

========================================================================
Received Import Request.
  Time since last request: 7.173372 seconds.
  path: Assets/Prefabs/Assasin.prefab
  artifactKey: Guid(05f93d3ed03bb104c8abd1aa788faebc) Importer(815301076,1909f56bfc062723c751e8b465ee728b)
Start importing Assets/Prefabs/Assasin.prefab using Guid(05f93d3ed03bb104c8abd1aa788faebc) Importer(815301076,1909f56bfc062723c751e8b465ee728b)  -> (artifact id: '1c9fdb20d549c3c60860f13f6e36aba9') in 0.008928 seconds
  Import took 0.011718 seconds .

========================================================================
Received Import Request.
  Time since last request: 0.003188 seconds.
  path: Assets/Prefabs/Assasin.prefab
  artifactKey: Guid(05f93d3ed03bb104c8abd1aa788faebc) Importer(815301076,1909f56bfc062723c751e8b465ee728b)
Start importing Assets/Prefabs/Assasin.prefab using Guid(05f93d3ed03bb104c8abd1aa788faebc) Importer(815301076,1909f56bfc062723c751e8b465ee728b)  -> (artifact id: '1c9fdb20d549c3c60860f13f6e36aba9') in 0.009248 seconds
  Import took 0.011505 seconds .

========================================================================
Received Prepare
Registering precompiled user dll's ...
Registered in 0.002592 seconds.
Begin MonoManager ReloadAssembly
Native extension for WindowsStandalone target not found
Refreshing native plugins compatible for Editor in 0.29 ms, found 2 plugins.
Preloading 0 native plugins for Editor in 0.00 ms.
Mono: successfully reloaded assembly
- Completed reload, in  0.844 seconds
Platform modules already initialized, skipping
Refreshing native plugins compatible for Editor in 0.34 ms, found 2 plugins.
Preloading 0 native plugins for Editor in 0.00 ms.
Unloading 1390 Unused Serialized files (Serialized files now loaded: 0)
System memory in use before: 86.9 MB.
System memory in use after: 87.0 MB.

Unloading 13 unused Assets to reduce memory usage. Loaded Objects now: 2028.
Total: 1.528100 ms (FindLiveObjects: 0.137400 ms CreateObjectMapping: 0.040800 ms MarkObjects: 1.337200 ms  DeleteObjects: 0.012100 ms)

========================================================================
Received Prepare
Registering precompiled user dll's ...
Registered in 0.002840 seconds.
Begin MonoManager ReloadAssembly
Native extension for WindowsStandalone target not found
Refreshing native plugins compatible for Editor in 0.27 ms, found 2 plugins.
Preloading 0 native plugins for Editor in 0.00 ms.
Mono: successfully reloaded assembly
- Completed reload, in  0.848 seconds
Platform modules already initialized, skipping
Refreshing native plugins compatible for Editor in 0.26 ms, found 2 plugins.
Preloading 0 native plugins for Editor in 0.00 ms.
Unloading 1390 Unused Serialized files (Serialized files now loaded: 0)
System memory in use before: 86.9 MB.
System memory in use after: 87.0 MB.

Unloading 13 unused Assets to reduce memory usage. Loaded Objects now: 2031.
Total: 1.527400 ms (FindLiveObjects: 0.138600 ms CreateObjectMapping: 0.040600 ms MarkObjects: 1.335400 ms  DeleteObjects: 0.012100 ms)

AssetImportWorkerClient::OnTransportError - code=2 error=End of file
