Using pre-set license
Built from '2020.3/china_unity/release' branch; Version is '2020.3.10f1c1 (65978a05d4e9) revision 6657930'; Using compiler version '192528614'; Build Type 'Release'
OS: 'Windows 10 Home; OS build 19041.1052; Version 2004; 64bit' Language: 'en' Physical Memory: 16242 MB
BatchMode: 1, IsHumanControllingUs: 0, StartBugReporterOnCrash: 0, Is64bit: 1, IsPro: 0

 COMMAND LINE ARGUMENTS:
C:\Program Files\Unity\Hub\Editor\2020.3.10f1c1\Editor\Unity.exe
-adb2
-batchMode
-noUpm
-name
AssetImportWorker0
-projectPath
C:/Users/xingy/PingFanProject
-logFile
Logs/AssetImportWorker0.log
-srvPort
51359
Successfully changed project path to: C:/Users/xingy/PingFanProject
C:/Users/xingy/PingFanProject
Using Asset Import Pipeline V2.
Refreshing native plugins compatible for Editor in 26.40 ms, found 2 plugins.
Preloading 0 native plugins for Editor in 0.00 ms.
Initialize engine version: 2020.3.10f1c1 (65978a05d4e9)
[Subsystems] Discovering subsystems at path C:/Program Files/Unity/Hub/Editor/2020.3.10f1c1/Editor/Data/Resources/UnitySubsystems
[Subsystems] Discovering subsystems at path C:/Users/xingy/PingFanProject/Assets
GfxDevice: creating device client; threaded=0
Direct3D:
    Version:  Direct3D 11.0 [level 11.1]
    Renderer: NVIDIA GeForce RTX 2060 (ID=0x1f15)
    Vendor:   
    VRAM:     5980 MB
    Driver:   27.21.14.5206
Initialize mono
Mono path[0] = 'C:/Program Files/Unity/Hub/Editor/2020.3.10f1c1/Editor/Data/Managed'
Mono path[1] = 'C:/Program Files/Unity/Hub/Editor/2020.3.10f1c1/Editor/Data/MonoBleedingEdge/lib/mono/unityjit'
Mono config path = 'C:/Program Files/Unity/Hub/Editor/2020.3.10f1c1/Editor/Data/MonoBleedingEdge/etc'
Using monoOptions --debugger-agent=transport=dt_socket,embedding=1,server=y,suspend=n,address=127.0.0.1:56348
Begin MonoManager ReloadAssembly
Registering precompiled unity dll's ...
Register platform support module: C:/Program Files/Unity/Hub/Editor/2020.3.10f1c1/Editor/Data/PlaybackEngines/WindowsStandaloneSupport/UnityEditor.WindowsStandalone.Extensions.dll
Registered in 0.001809 seconds.
Native extension for WindowsStandalone target not found
Refreshing native plugins compatible for Editor in 25.18 ms, found 2 plugins.
Preloading 0 native plugins for Editor in 0.00 ms.
Mono: successfully reloaded assembly
- Completed reload, in  0.861 seconds
Platform modules already initialized, skipping
Registering precompiled user dll's ...
Registered in 0.003075 seconds.
Begin MonoManager ReloadAssembly
Native extension for WindowsStandalone target not found
Refreshing native plugins compatible for Editor in 0.28 ms, found 2 plugins.
Preloading 0 native plugins for Editor in 0.00 ms.
Mono: successfully reloaded assembly
- Completed reload, in  1.006 seconds
Platform modules already initialized, skipping
========================================================================
Worker process is ready to serve import requests
Launched and connected shader compiler UnityShaderCompiler.exe after 0.05 seconds
Refreshing native plugins compatible for Editor in 0.28 ms, found 2 plugins.
Preloading 0 native plugins for Editor in 0.00 ms.
Unloading 1396 Unused Serialized files (Serialized files now loaded: 0)
System memory in use before: 69.2 MB.
System memory in use after: 69.3 MB.

Unloading 18 unused Assets to reduce memory usage. Loaded Objects now: 1835.
Total: 1.662600 ms (FindLiveObjects: 0.132600 ms CreateObjectMapping: 0.044000 ms MarkObjects: 1.433300 ms  DeleteObjects: 0.051800 ms)

========================================================================
Received Import Request.
  path: Assets/Scripts/PlayerContoller.cs
  artifactKey: Guid(a3cb76f701163f443b69aa18d7fbd9c0) Importer(815301076,1909f56bfc062723c751e8b465ee728b)
Start importing Assets/Scripts/PlayerContoller.cs using Guid(a3cb76f701163f443b69aa18d7fbd9c0) Importer(815301076,1909f56bfc062723c751e8b465ee728b)  -> (artifact id: '89bb564789d0b031ae664ebd2634ad1f') in 0.025645 seconds
  Import took 0.027678 seconds .

========================================================================
Received Prepare
Refreshing native plugins compatible for Editor in 2.68 ms, found 2 plugins.
Preloading 0 native plugins for Editor in 0.00 ms.
Unloading 11 Unused Serialized files (Serialized files now loaded: 0)
System memory in use before: 41.6 MB.
System memory in use after: 41.7 MB.

Unloading 11 unused Assets to reduce memory usage. Loaded Objects now: 1835.
Total: 2.676800 ms (FindLiveObjects: 0.159500 ms CreateObjectMapping: 0.044700 ms MarkObjects: 2.454400 ms  DeleteObjects: 0.016600 ms)

========================================================================
Received Import Request.
  Time since last request: 245.512694 seconds.
  path: Assets/Scripts/PlayerContoller.cs
  artifactKey: Guid(a3cb76f701163f443b69aa18d7fbd9c0) Importer(815301076,1909f56bfc062723c751e8b465ee728b)
Start importing Assets/Scripts/PlayerContoller.cs using Guid(a3cb76f701163f443b69aa18d7fbd9c0) Importer(815301076,1909f56bfc062723c751e8b465ee728b)  -> (artifact id: '13b58d4208aca16d2610f33e0197ddd3') in 0.001957 seconds
  Import took 0.004063 seconds .

========================================================================
Received Prepare
Registering precompiled user dll's ...
Registered in 0.002595 seconds.
Begin MonoManager ReloadAssembly
Native extension for WindowsStandalone target not found
Refreshing native plugins compatible for Editor in 0.31 ms, found 2 plugins.
Preloading 0 native plugins for Editor in 0.00 ms.
Mono: successfully reloaded assembly
- Completed reload, in  0.957 seconds
Platform modules already initialized, skipping
Refreshing native plugins compatible for Editor in 0.30 ms, found 2 plugins.
Preloading 0 native plugins for Editor in 0.00 ms.
Unloading 1390 Unused Serialized files (Serialized files now loaded: 0)
System memory in use before: 69.0 MB.
System memory in use after: 69.1 MB.

Unloading 13 unused Assets to reduce memory usage. Loaded Objects now: 1838.
Total: 1.647900 ms (FindLiveObjects: 0.143900 ms CreateObjectMapping: 0.052900 ms MarkObjects: 1.434600 ms  DeleteObjects: 0.015500 ms)

========================================================================
Received Prepare
Registering precompiled user dll's ...
Registered in 0.002931 seconds.
Begin MonoManager ReloadAssembly
Native extension for WindowsStandalone target not found
Refreshing native plugins compatible for Editor in 0.25 ms, found 2 plugins.
Preloading 0 native plugins for Editor in 0.00 ms.
Mono: successfully reloaded assembly
- Completed reload, in  0.806 seconds
Platform modules already initialized, skipping
Refreshing native plugins compatible for Editor in 0.27 ms, found 2 plugins.
Preloading 0 native plugins for Editor in 0.00 ms.
Unloading 1390 Unused Serialized files (Serialized files now loaded: 0)
System memory in use before: 69.1 MB.
System memory in use after: 69.2 MB.

Unloading 13 unused Assets to reduce memory usage. Loaded Objects now: 1841.
Total: 1.436500 ms (FindLiveObjects: 0.120700 ms CreateObjectMapping: 0.037000 ms MarkObjects: 1.266400 ms  DeleteObjects: 0.011400 ms)

========================================================================
Received Import Request.
  Time since last request: 49.697280 seconds.
  path: Assets/Scripts/PlayerContoller.cs
  artifactKey: Guid(a3cb76f701163f443b69aa18d7fbd9c0) Importer(815301076,1909f56bfc062723c751e8b465ee728b)
Start importing Assets/Scripts/PlayerContoller.cs using Guid(a3cb76f701163f443b69aa18d7fbd9c0) Importer(815301076,1909f56bfc062723c751e8b465ee728b)  -> (artifact id: 'a8d4e57193d5ed07f0293fc7bae9a8f0') in 0.003517 seconds
  Import took 0.005214 seconds .

========================================================================
Received Prepare
Registering precompiled user dll's ...
Registered in 0.003329 seconds.
Begin MonoManager ReloadAssembly
Native extension for WindowsStandalone target not found
Refreshing native plugins compatible for Editor in 0.26 ms, found 2 plugins.
Preloading 0 native plugins for Editor in 0.00 ms.
Mono: successfully reloaded assembly
- Completed reload, in  0.808 seconds
Platform modules already initialized, skipping
Refreshing native plugins compatible for Editor in 0.29 ms, found 2 plugins.
Preloading 0 native plugins for Editor in 0.00 ms.
Unloading 1390 Unused Serialized files (Serialized files now loaded: 0)
System memory in use before: 69.1 MB.
System memory in use after: 69.2 MB.

Unloading 13 unused Assets to reduce memory usage. Loaded Objects now: 1844.
Total: 1.525400 ms (FindLiveObjects: 0.139100 ms CreateObjectMapping: 0.041100 ms MarkObjects: 1.329400 ms  DeleteObjects: 0.014800 ms)

========================================================================
Received Import Request.
  Time since last request: 30.386254 seconds.
  path: Assets/Scripts/PlayerContoller.cs
  artifactKey: Guid(a3cb76f701163f443b69aa18d7fbd9c0) Importer(815301076,1909f56bfc062723c751e8b465ee728b)
Start importing Assets/Scripts/PlayerContoller.cs using Guid(a3cb76f701163f443b69aa18d7fbd9c0) Importer(815301076,1909f56bfc062723c751e8b465ee728b)  -> (artifact id: '4e4a91ff2f5818872aad1bb85c17949f') in 0.003433 seconds
  Import took 0.005278 seconds .

========================================================================
Received Import Request.
  Time since last request: 1.221763 seconds.
  path: Assets/Scripts/PlayerContoller.cs
  artifactKey: Guid(a3cb76f701163f443b69aa18d7fbd9c0) Importer(815301076,1909f56bfc062723c751e8b465ee728b)
Start importing Assets/Scripts/PlayerContoller.cs using Guid(a3cb76f701163f443b69aa18d7fbd9c0) Importer(815301076,1909f56bfc062723c751e8b465ee728b)  -> (artifact id: '4e4a91ff2f5818872aad1bb85c17949f') in 0.005348 seconds
  Import took 0.013307 seconds .

========================================================================
Received Prepare
Registering precompiled user dll's ...
Registered in 0.002785 seconds.
Begin MonoManager ReloadAssembly
Native extension for WindowsStandalone target not found
Refreshing native plugins compatible for Editor in 0.28 ms, found 2 plugins.
Preloading 0 native plugins for Editor in 0.00 ms.
Mono: successfully reloaded assembly
- Completed reload, in  0.869 seconds
Platform modules already initialized, skipping
Refreshing native plugins compatible for Editor in 0.27 ms, found 2 plugins.
Preloading 0 native plugins for Editor in 0.00 ms.
Unloading 1390 Unused Serialized files (Serialized files now loaded: 0)
System memory in use before: 69.1 MB.
System memory in use after: 69.2 MB.

Unloading 13 unused Assets to reduce memory usage. Loaded Objects now: 1847.
Total: 1.589700 ms (FindLiveObjects: 0.119900 ms CreateObjectMapping: 0.038000 ms MarkObjects: 1.416700 ms  DeleteObjects: 0.014300 ms)

========================================================================
Received Import Request.
  Time since last request: 30.943608 seconds.
  path: Assets/Scripts/PlayerContoller.cs
  artifactKey: Guid(a3cb76f701163f443b69aa18d7fbd9c0) Importer(815301076,1909f56bfc062723c751e8b465ee728b)
Start importing Assets/Scripts/PlayerContoller.cs using Guid(a3cb76f701163f443b69aa18d7fbd9c0) Importer(815301076,1909f56bfc062723c751e8b465ee728b)  -> (artifact id: 'f2db258bcb155efe212acb8c98b8d434') in 0.003521 seconds
  Import took 0.005320 seconds .

========================================================================
Received Import Request.
  Time since last request: 1.154107 seconds.
  path: Assets/Scripts/PlayerContoller.cs
  artifactKey: Guid(a3cb76f701163f443b69aa18d7fbd9c0) Importer(815301076,1909f56bfc062723c751e8b465ee728b)
Start importing Assets/Scripts/PlayerContoller.cs using Guid(a3cb76f701163f443b69aa18d7fbd9c0) Importer(815301076,1909f56bfc062723c751e8b465ee728b)  -> (artifact id: 'f2db258bcb155efe212acb8c98b8d434') in 0.001907 seconds
  Import took 0.003728 seconds .

========================================================================
Received Prepare
Registering precompiled user dll's ...
Registered in 0.002849 seconds.
Begin MonoManager ReloadAssembly
Native extension for WindowsStandalone target not found
Refreshing native plugins compatible for Editor in 0.26 ms, found 2 plugins.
Preloading 0 native plugins for Editor in 0.00 ms.
Mono: successfully reloaded assembly
- Completed reload, in  0.804 seconds
Platform modules already initialized, skipping
Refreshing native plugins compatible for Editor in 0.27 ms, found 2 plugins.
Preloading 0 native plugins for Editor in 0.00 ms.
Unloading 1390 Unused Serialized files (Serialized files now loaded: 0)
System memory in use before: 69.1 MB.
System memory in use after: 69.2 MB.

Unloading 13 unused Assets to reduce memory usage. Loaded Objects now: 1850.
Total: 1.444200 ms (FindLiveObjects: 0.120600 ms CreateObjectMapping: 0.038000 ms MarkObjects: 1.273000 ms  DeleteObjects: 0.011800 ms)

========================================================================
Received Prepare
Registering precompiled user dll's ...
Registered in 0.002592 seconds.
Begin MonoManager ReloadAssembly
Native extension for WindowsStandalone target not found
Refreshing native plugins compatible for Editor in 0.25 ms, found 2 plugins.
Preloading 0 native plugins for Editor in 0.00 ms.
Mono: successfully reloaded assembly
- Completed reload, in  0.822 seconds
Platform modules already initialized, skipping
Refreshing native plugins compatible for Editor in 0.28 ms, found 2 plugins.
Preloading 0 native plugins for Editor in 0.00 ms.
Unloading 1390 Unused Serialized files (Serialized files now loaded: 0)
System memory in use before: 69.1 MB.
System memory in use after: 69.2 MB.

Unloading 13 unused Assets to reduce memory usage. Loaded Objects now: 1853.
Total: 1.516800 ms (FindLiveObjects: 0.116900 ms CreateObjectMapping: 0.036600 ms MarkObjects: 1.331500 ms  DeleteObjects: 0.031100 ms)

========================================================================
Received Prepare
Registering precompiled user dll's ...
Registered in 0.004296 seconds.
Begin MonoManager ReloadAssembly
Native extension for WindowsStandalone target not found
Refreshing native plugins compatible for Editor in 0.26 ms, found 2 plugins.
Preloading 0 native plugins for Editor in 0.00 ms.
Mono: successfully reloaded assembly
- Completed reload, in  0.860 seconds
Platform modules already initialized, skipping
Refreshing native plugins compatible for Editor in 0.26 ms, found 2 plugins.
Preloading 0 native plugins for Editor in 0.00 ms.
Unloading 1390 Unused Serialized files (Serialized files now loaded: 0)
System memory in use before: 69.1 MB.
System memory in use after: 69.2 MB.

Unloading 13 unused Assets to reduce memory usage. Loaded Objects now: 1856.
Total: 1.418000 ms (FindLiveObjects: 0.116300 ms CreateObjectMapping: 0.036500 ms MarkObjects: 1.252800 ms  DeleteObjects: 0.011700 ms)

========================================================================
Received Prepare
Registering precompiled user dll's ...
Registered in 0.002805 seconds.
Begin MonoManager ReloadAssembly
Native extension for WindowsStandalone target not found
Refreshing native plugins compatible for Editor in 0.27 ms, found 2 plugins.
Preloading 0 native plugins for Editor in 0.00 ms.
Mono: successfully reloaded assembly
- Completed reload, in  0.803 seconds
Platform modules already initialized, skipping
Refreshing native plugins compatible for Editor in 0.28 ms, found 2 plugins.
Preloading 0 native plugins for Editor in 0.00 ms.
Unloading 1390 Unused Serialized files (Serialized files now loaded: 0)
System memory in use before: 69.1 MB.
System memory in use after: 69.2 MB.

Unloading 13 unused Assets to reduce memory usage. Loaded Objects now: 1859.
Total: 1.482700 ms (FindLiveObjects: 0.118800 ms CreateObjectMapping: 0.038000 ms MarkObjects: 1.291300 ms  DeleteObjects: 0.033800 ms)

========================================================================
Received Import Request.
  Time since last request: 35853.362544 seconds.
  path: Assets/Prefabs/Crate.prefab
  artifactKey: Guid(dfadcea6b3aab51499c7057ac2c505f3) Importer(815301076,1909f56bfc062723c751e8b465ee728b)
Start importing Assets/Prefabs/Crate.prefab using Guid(dfadcea6b3aab51499c7057ac2c505f3) Importer(815301076,1909f56bfc062723c751e8b465ee728b)  -> (artifact id: 'f794b62ebdb105079187d3e1cd6cab54') in 0.091687 seconds
  Import took 0.093944 seconds .

========================================================================
Received Import Request.
  Time since last request: 48.665891 seconds.
  path: Assets/Prefabs/Cover_M.prefab
  artifactKey: Guid(6fdc7136d6b70e94c98f0fd0772bf7ae) Importer(815301076,1909f56bfc062723c751e8b465ee728b)
Start importing Assets/Prefabs/Cover_M.prefab using Guid(6fdc7136d6b70e94c98f0fd0772bf7ae) Importer(815301076,1909f56bfc062723c751e8b465ee728b)  -> (artifact id: '32b24d713f69d6bc91d0dc5c56753d86') in 0.011890 seconds
  Import took 0.014606 seconds .

========================================================================
Received Import Request.
  Time since last request: 0.001221 seconds.
  path: Assets/Prefabs/Cover_M.prefab
  artifactKey: Guid(6fdc7136d6b70e94c98f0fd0772bf7ae) Importer(815301076,1909f56bfc062723c751e8b465ee728b)
Start importing Assets/Prefabs/Cover_M.prefab using Guid(6fdc7136d6b70e94c98f0fd0772bf7ae) Importer(815301076,1909f56bfc062723c751e8b465ee728b)  -> (artifact id: '32b24d713f69d6bc91d0dc5c56753d86') in 0.007262 seconds
  Import took 0.009599 seconds .

========================================================================
Received Import Request.
  Time since last request: 27.737586 seconds.
  path: Assets/Prefabs/Cover_S.prefab
  artifactKey: Guid(6fdc7136d6b70e94c98f0fd0772bf7ae) Importer(815301076,1909f56bfc062723c751e8b465ee728b)
Start importing Assets/Prefabs/Cover_S.prefab using Guid(6fdc7136d6b70e94c98f0fd0772bf7ae) Importer(815301076,1909f56bfc062723c751e8b465ee728b)  -> (artifact id: 'ee94a2b8df4beab34fd4b0bd93f8e534') in 0.011874 seconds
  Import took 0.014230 seconds .

========================================================================
Received Import Request.
  Time since last request: 4.454748 seconds.
  path: Assets/Prefabs/Cover_M.prefab
  artifactKey: Guid(777f95aadebdfa64bacbb2542e7b3c71) Importer(815301076,1909f56bfc062723c751e8b465ee728b)
Start importing Assets/Prefabs/Cover_M.prefab using Guid(777f95aadebdfa64bacbb2542e7b3c71) Importer(815301076,1909f56bfc062723c751e8b465ee728b)  -> (artifact id: 'd352ef9546fcab2b0d1dd170fa676363') in 0.010507 seconds
  Import took 0.012727 seconds .

========================================================================
Received Import Request.
  Time since last request: 0.002668 seconds.
  path: Assets/Prefabs/Cover_M.prefab
  artifactKey: Guid(777f95aadebdfa64bacbb2542e7b3c71) Importer(815301076,1909f56bfc062723c751e8b465ee728b)
Start importing Assets/Prefabs/Cover_M.prefab using Guid(777f95aadebdfa64bacbb2542e7b3c71) Importer(815301076,1909f56bfc062723c751e8b465ee728b)  -> (artifact id: 'd352ef9546fcab2b0d1dd170fa676363') in 0.006814 seconds
  Import took 0.008986 seconds .

========================================================================
Received Import Request.
  Time since last request: 22.457794 seconds.
  path: Assets/Prefabs/Cover_L.prefab
  artifactKey: Guid(bf5c42137b1aa0840824210a5f188760) Importer(815301076,1909f56bfc062723c751e8b465ee728b)
Start importing Assets/Prefabs/Cover_L.prefab using Guid(bf5c42137b1aa0840824210a5f188760) Importer(815301076,1909f56bfc062723c751e8b465ee728b)  -> (artifact id: 'cb04f089d69bedb7ac94ede1ba27c844') in 0.011757 seconds
  Import took 0.013878 seconds .

========================================================================
Received Import Request.
  Time since last request: 0.002522 seconds.
  path: Assets/Prefabs/Cover_L.prefab
  artifactKey: Guid(bf5c42137b1aa0840824210a5f188760) Importer(815301076,1909f56bfc062723c751e8b465ee728b)
Start importing Assets/Prefabs/Cover_L.prefab using Guid(bf5c42137b1aa0840824210a5f188760) Importer(815301076,1909f56bfc062723c751e8b465ee728b)  -> (artifact id: 'cb04f089d69bedb7ac94ede1ba27c844') in 0.006855 seconds
  Import took 0.009144 seconds .

========================================================================
Received Prepare
Registering precompiled user dll's ...
Registered in 0.002569 seconds.
Begin MonoManager ReloadAssembly
Native extension for WindowsStandalone target not found
Refreshing native plugins compatible for Editor in 0.30 ms, found 2 plugins.
Preloading 0 native plugins for Editor in 0.00 ms.
Mono: successfully reloaded assembly
- Completed reload, in  0.883 seconds
Platform modules already initialized, skipping
Refreshing native plugins compatible for Editor in 0.27 ms, found 2 plugins.
Preloading 0 native plugins for Editor in 0.00 ms.
Unloading 1390 Unused Serialized files (Serialized files now loaded: 0)
System memory in use before: 72.2 MB.
System memory in use after: 72.3 MB.

Unloading 14 unused Assets to reduce memory usage. Loaded Objects now: 1870.
Total: 2.447600 ms (FindLiveObjects: 0.165800 ms CreateObjectMapping: 0.047100 ms MarkObjects: 2.169900 ms  DeleteObjects: 0.039300 ms)

========================================================================
Received Prepare
Registering precompiled user dll's ...
Registered in 0.003558 seconds.
Begin MonoManager ReloadAssembly
Native extension for WindowsStandalone target not found
Refreshing native plugins compatible for Editor in 0.26 ms, found 2 plugins.
Preloading 0 native plugins for Editor in 0.00 ms.
Mono: successfully reloaded assembly
- Completed reload, in  0.833 seconds
Platform modules already initialized, skipping
Refreshing native plugins compatible for Editor in 0.26 ms, found 2 plugins.
Preloading 0 native plugins for Editor in 0.00 ms.
Unloading 1390 Unused Serialized files (Serialized files now loaded: 0)
System memory in use before: 72.2 MB.
System memory in use after: 72.3 MB.

Unloading 13 unused Assets to reduce memory usage. Loaded Objects now: 1873.
Total: 1.468400 ms (FindLiveObjects: 0.140400 ms CreateObjectMapping: 0.044800 ms MarkObjects: 1.271700 ms  DeleteObjects: 0.010700 ms)

========================================================================
Received Import Request.
  Time since last request: 915.087134 seconds.
  path: Assets/Prefabs/Ground.prefab
  artifactKey: Guid(2fec0c6b135c6324f9b1ecc19548a6c4) Importer(815301076,1909f56bfc062723c751e8b465ee728b)
Start importing Assets/Prefabs/Ground.prefab using Guid(2fec0c6b135c6324f9b1ecc19548a6c4) Importer(815301076,1909f56bfc062723c751e8b465ee728b)  -> (artifact id: '5e52c0d2998618fe032bd444da8e112b') in 0.059655 seconds
  Import took 0.061734 seconds .

========================================================================
Received Import Request.
  Time since last request: 34.986057 seconds.
  path: Assets/Prefabs/Ground.prefab
  artifactKey: Guid(2fec0c6b135c6324f9b1ecc19548a6c4) Importer(815301076,1909f56bfc062723c751e8b465ee728b)
Start importing Assets/Prefabs/Ground.prefab using Guid(2fec0c6b135c6324f9b1ecc19548a6c4) Importer(815301076,1909f56bfc062723c751e8b465ee728b)  -> (artifact id: '0e98970bc1682b69d2f9c69265647eaa') in 0.009456 seconds
  Import took 0.011837 seconds .

========================================================================
Received Import Request.
  Time since last request: 5.873909 seconds.
  path: Assets/Prefabs/Ground.prefab
  artifactKey: Guid(2fec0c6b135c6324f9b1ecc19548a6c4) Importer(815301076,1909f56bfc062723c751e8b465ee728b)
Start importing Assets/Prefabs/Ground.prefab using Guid(2fec0c6b135c6324f9b1ecc19548a6c4) Importer(815301076,1909f56bfc062723c751e8b465ee728b)  -> (artifact id: 'cae7cbbd73c10930c70cd41f454007e9') in 0.010219 seconds
  Import took 0.013015 seconds .

========================================================================
Received Prepare
Registering precompiled user dll's ...
Registered in 0.002488 seconds.
Begin MonoManager ReloadAssembly
Native extension for WindowsStandalone target not found
Refreshing native plugins compatible for Editor in 0.26 ms, found 2 plugins.
Preloading 0 native plugins for Editor in 0.00 ms.
Mono: successfully reloaded assembly
- Completed reload, in  0.832 seconds
Platform modules already initialized, skipping
Refreshing native plugins compatible for Editor in 0.26 ms, found 2 plugins.
Preloading 0 native plugins for Editor in 0.00 ms.
Unloading 1390 Unused Serialized files (Serialized files now loaded: 0)
System memory in use before: 72.3 MB.
System memory in use after: 72.4 MB.

Unloading 14 unused Assets to reduce memory usage. Loaded Objects now: 1880.
Total: 1.537700 ms (FindLiveObjects: 0.116800 ms CreateObjectMapping: 0.037000 ms MarkObjects: 1.367400 ms  DeleteObjects: 0.015500 ms)

========================================================================
Received Import Request.
  Time since last request: 33.998968 seconds.
  path: Assets/Prefabs/Ground.prefab
  artifactKey: Guid(2fec0c6b135c6324f9b1ecc19548a6c4) Importer(815301076,1909f56bfc062723c751e8b465ee728b)
Start importing Assets/Prefabs/Ground.prefab using Guid(2fec0c6b135c6324f9b1ecc19548a6c4) Importer(815301076,1909f56bfc062723c751e8b465ee728b)  -> (artifact id: 'e487b943a4e28a925fc30e89d4baf461') in 0.049842 seconds
  Import took 0.052027 seconds .

========================================================================
Received Import Request.
  Time since last request: 6.322345 seconds.
  path: Assets/Prefabs/Ground.prefab
  artifactKey: Guid(2fec0c6b135c6324f9b1ecc19548a6c4) Importer(815301076,1909f56bfc062723c751e8b465ee728b)
Start importing Assets/Prefabs/Ground.prefab using Guid(2fec0c6b135c6324f9b1ecc19548a6c4) Importer(815301076,1909f56bfc062723c751e8b465ee728b)  -> (artifact id: '60174fabbde00f7b47f30a50abd9cd87') in 0.009883 seconds
  Import took 0.012821 seconds .

========================================================================
Received Prepare
Registering precompiled user dll's ...
Registered in 0.002546 seconds.
Begin MonoManager ReloadAssembly
Native extension for WindowsStandalone target not found
Refreshing native plugins compatible for Editor in 0.28 ms, found 2 plugins.
Preloading 0 native plugins for Editor in 0.00 ms.
Mono: successfully reloaded assembly
- Completed reload, in  0.830 seconds
Platform modules already initialized, skipping
Refreshing native plugins compatible for Editor in 0.26 ms, found 2 plugins.
Preloading 0 native plugins for Editor in 0.00 ms.
Unloading 1390 Unused Serialized files (Serialized files now loaded: 0)
System memory in use before: 72.3 MB.
System memory in use after: 72.5 MB.

Unloading 14 unused Assets to reduce memory usage. Loaded Objects now: 1884.
Total: 1.444100 ms (FindLiveObjects: 0.120800 ms CreateObjectMapping: 0.036900 ms MarkObjects: 1.271300 ms  DeleteObjects: 0.014200 ms)

========================================================================
Received Import Request.
  Time since last request: 36.389679 seconds.
  path: Assets/Prefabs/Ground.prefab
  artifactKey: Guid(2fec0c6b135c6324f9b1ecc19548a6c4) Importer(815301076,1909f56bfc062723c751e8b465ee728b)
Start importing Assets/Prefabs/Ground.prefab using Guid(2fec0c6b135c6324f9b1ecc19548a6c4) Importer(815301076,1909f56bfc062723c751e8b465ee728b)  -> (artifact id: 'd8d3f908762972f21e0fda29d89c15e7') in 0.046323 seconds
  Import took 0.048634 seconds .

========================================================================
Received Import Request.
  Time since last request: 14.839436 seconds.
  path: Assets/Prefabs/Ground.prefab
  artifactKey: Guid(2fec0c6b135c6324f9b1ecc19548a6c4) Importer(815301076,1909f56bfc062723c751e8b465ee728b)
Start importing Assets/Prefabs/Ground.prefab using Guid(2fec0c6b135c6324f9b1ecc19548a6c4) Importer(815301076,1909f56bfc062723c751e8b465ee728b)  -> (artifact id: '310c8fb376ed2bda551f4a5ebfafca84') in 0.010004 seconds
  Import took 0.012668 seconds .

========================================================================
Received Prepare
Registering precompiled user dll's ...
Registered in 0.002630 seconds.
Begin MonoManager ReloadAssembly
Native extension for WindowsStandalone target not found
Refreshing native plugins compatible for Editor in 0.27 ms, found 2 plugins.
Preloading 0 native plugins for Editor in 0.00 ms.
Mono: successfully reloaded assembly
- Completed reload, in  0.833 seconds
Platform modules already initialized, skipping
Refreshing native plugins compatible for Editor in 0.26 ms, found 2 plugins.
Preloading 0 native plugins for Editor in 0.00 ms.
Unloading 1390 Unused Serialized files (Serialized files now loaded: 0)
System memory in use before: 72.4 MB.
System memory in use after: 72.5 MB.

Unloading 14 unused Assets to reduce memory usage. Loaded Objects now: 1888.
Total: 1.426600 ms (FindLiveObjects: 0.115700 ms CreateObjectMapping: 0.036900 ms MarkObjects: 1.259100 ms  DeleteObjects: 0.014100 ms)

========================================================================
Received Import Request.
  Time since last request: 10.161344 seconds.
  path: Assets/Prefabs/Ground.prefab
  artifactKey: Guid(2fec0c6b135c6324f9b1ecc19548a6c4) Importer(815301076,1909f56bfc062723c751e8b465ee728b)
Start importing Assets/Prefabs/Ground.prefab using Guid(2fec0c6b135c6324f9b1ecc19548a6c4) Importer(815301076,1909f56bfc062723c751e8b465ee728b)  -> (artifact id: '39af04d7aec471b003559378e4d02ca9') in 0.047440 seconds
  Import took 0.049614 seconds .

========================================================================
Received Import Request.
  Time since last request: 15.722830 seconds.
  path: Assets/Prefabs/Ground.prefab
  artifactKey: Guid(2fec0c6b135c6324f9b1ecc19548a6c4) Importer(815301076,1909f56bfc062723c751e8b465ee728b)
Start importing Assets/Prefabs/Ground.prefab using Guid(2fec0c6b135c6324f9b1ecc19548a6c4) Importer(815301076,1909f56bfc062723c751e8b465ee728b)  -> (artifact id: 'adc9ccc076bfe5b15391ec6dfb7be956') in 0.010456 seconds
  Import took 0.013306 seconds .

========================================================================
Received Prepare
Registering precompiled user dll's ...
Registered in 0.002589 seconds.
Begin MonoManager ReloadAssembly
Native extension for WindowsStandalone target not found
Refreshing native plugins compatible for Editor in 0.26 ms, found 2 plugins.
Preloading 0 native plugins for Editor in 0.00 ms.
Mono: successfully reloaded assembly
- Completed reload, in  0.837 seconds
Platform modules already initialized, skipping
Refreshing native plugins compatible for Editor in 0.26 ms, found 2 plugins.
Preloading 0 native plugins for Editor in 0.00 ms.
Unloading 1390 Unused Serialized files (Serialized files now loaded: 0)
System memory in use before: 72.4 MB.
System memory in use after: 72.5 MB.

Unloading 14 unused Assets to reduce memory usage. Loaded Objects now: 1892.
Total: 1.424400 ms (FindLiveObjects: 0.116000 ms CreateObjectMapping: 0.037600 ms MarkObjects: 1.256000 ms  DeleteObjects: 0.013900 ms)

========================================================================
Received Import Request.
  Time since last request: 31.042907 seconds.
  path: Assets/Prefabs/Ground.prefab
  artifactKey: Guid(2fec0c6b135c6324f9b1ecc19548a6c4) Importer(815301076,1909f56bfc062723c751e8b465ee728b)
Start importing Assets/Prefabs/Ground.prefab using Guid(2fec0c6b135c6324f9b1ecc19548a6c4) Importer(815301076,1909f56bfc062723c751e8b465ee728b)  -> (artifact id: 'd055ba84b4b206d3931e68d8568b791d') in 0.045853 seconds
  Import took 0.048571 seconds .

========================================================================
Received Import Request.
  Time since last request: 7.217238 seconds.
  path: Assets/Prefabs/Ground.prefab
  artifactKey: Guid(2fec0c6b135c6324f9b1ecc19548a6c4) Importer(815301076,1909f56bfc062723c751e8b465ee728b)
Start importing Assets/Prefabs/Ground.prefab using Guid(2fec0c6b135c6324f9b1ecc19548a6c4) Importer(815301076,1909f56bfc062723c751e8b465ee728b)  -> (artifact id: 'f2c8733fdab12e9dfaf9b4ab504a367c') in 0.010432 seconds
  Import took 0.013035 seconds .

========================================================================
Received Prepare
Registering precompiled user dll's ...
Registered in 0.002538 seconds.
Begin MonoManager ReloadAssembly
Native extension for WindowsStandalone target not found
Refreshing native plugins compatible for Editor in 0.26 ms, found 2 plugins.
Preloading 0 native plugins for Editor in 0.00 ms.
Mono: successfully reloaded assembly
- Completed reload, in  0.837 seconds
Platform modules already initialized, skipping
Refreshing native plugins compatible for Editor in 0.27 ms, found 2 plugins.
Preloading 0 native plugins for Editor in 0.00 ms.
Unloading 1390 Unused Serialized files (Serialized files now loaded: 0)
System memory in use before: 72.4 MB.
System memory in use after: 72.5 MB.

Unloading 14 unused Assets to reduce memory usage. Loaded Objects now: 1896.
Total: 1.643700 ms (FindLiveObjects: 0.119800 ms CreateObjectMapping: 0.038700 ms MarkObjects: 1.468800 ms  DeleteObjects: 0.015600 ms)

========================================================================
Received Import Request.
  Time since last request: 97.104469 seconds.
  path: Assets/Prefabs/Ground.prefab
  artifactKey: Guid(2fec0c6b135c6324f9b1ecc19548a6c4) Importer(815301076,1909f56bfc062723c751e8b465ee728b)
Start importing Assets/Prefabs/Ground.prefab using Guid(2fec0c6b135c6324f9b1ecc19548a6c4) Importer(815301076,1909f56bfc062723c751e8b465ee728b)  -> (artifact id: '3a65a376a433bd7794093fb59d361cb3') in 0.051563 seconds
  Import took 0.053623 seconds .

========================================================================
Received Import Request.
  Time since last request: 6.420915 seconds.
  path: Assets/Prefabs/Ground.prefab
  artifactKey: Guid(2fec0c6b135c6324f9b1ecc19548a6c4) Importer(815301076,1909f56bfc062723c751e8b465ee728b)
Start importing Assets/Prefabs/Ground.prefab using Guid(2fec0c6b135c6324f9b1ecc19548a6c4) Importer(815301076,1909f56bfc062723c751e8b465ee728b)  -> (artifact id: '145de35ebd9f90cf21ba288a908483ac') in 0.009857 seconds
  Import took 0.012268 seconds .

========================================================================
Received Import Request.
  Time since last request: 3.678745 seconds.
  path: Assets/Prefabs/Ground.prefab
  artifactKey: Guid(2fec0c6b135c6324f9b1ecc19548a6c4) Importer(815301076,1909f56bfc062723c751e8b465ee728b)
Start importing Assets/Prefabs/Ground.prefab using Guid(2fec0c6b135c6324f9b1ecc19548a6c4) Importer(815301076,1909f56bfc062723c751e8b465ee728b)  -> (artifact id: 'e11e84bba3dd5d53a434160405e4df20') in 0.009902 seconds
  Import took 0.013405 seconds .

========================================================================
Received Prepare
Registering precompiled user dll's ...
Registered in 0.002490 seconds.
Begin MonoManager ReloadAssembly
Native extension for WindowsStandalone target not found
Refreshing native plugins compatible for Editor in 0.26 ms, found 2 plugins.
Preloading 0 native plugins for Editor in 0.00 ms.
Mono: successfully reloaded assembly
- Completed reload, in  0.847 seconds
Platform modules already initialized, skipping
Refreshing native plugins compatible for Editor in 0.26 ms, found 2 plugins.
Preloading 0 native plugins for Editor in 0.00 ms.
Unloading 1390 Unused Serialized files (Serialized files now loaded: 0)
System memory in use before: 72.4 MB.
System memory in use after: 72.5 MB.

Unloading 14 unused Assets to reduce memory usage. Loaded Objects now: 1900.
Total: 1.444600 ms (FindLiveObjects: 0.125700 ms CreateObjectMapping: 0.038500 ms MarkObjects: 1.264700 ms  DeleteObjects: 0.015000 ms)

========================================================================
Received Prepare
Registering precompiled user dll's ...
Registered in 0.002956 seconds.
Begin MonoManager ReloadAssembly
Native extension for WindowsStandalone target not found
Refreshing native plugins compatible for Editor in 0.31 ms, found 2 plugins.
Preloading 0 native plugins for Editor in 0.00 ms.
Mono: successfully reloaded assembly
- Completed reload, in  0.873 seconds
Platform modules already initialized, skipping
Refreshing native plugins compatible for Editor in 0.26 ms, found 2 plugins.
Preloading 0 native plugins for Editor in 0.00 ms.
Unloading 1390 Unused Serialized files (Serialized files now loaded: 0)
System memory in use before: 72.4 MB.
System memory in use after: 72.5 MB.

Unloading 13 unused Assets to reduce memory usage. Loaded Objects now: 1903.
Total: 1.491800 ms (FindLiveObjects: 0.126500 ms CreateObjectMapping: 0.038700 ms MarkObjects: 1.314000 ms  DeleteObjects: 0.011800 ms)

========================================================================
Received Import Request.
  Time since last request: 1739.072431 seconds.
  path: Assets/Prefabs/Ground.prefab
  artifactKey: Guid(2fec0c6b135c6324f9b1ecc19548a6c4) Importer(815301076,1909f56bfc062723c751e8b465ee728b)
Start importing Assets/Prefabs/Ground.prefab using Guid(2fec0c6b135c6324f9b1ecc19548a6c4) Importer(815301076,1909f56bfc062723c751e8b465ee728b)  -> (artifact id: '5152a29d8a9e378d5c9b8a86d482a824') in 0.056116 seconds
  Import took 0.058156 seconds .

========================================================================
Received Prepare
Registering precompiled user dll's ...
Registered in 0.004531 seconds.
Begin MonoManager ReloadAssembly
Native extension for WindowsStandalone target not found
Refreshing native plugins compatible for Editor in 0.29 ms, found 2 plugins.
Preloading 0 native plugins for Editor in 0.00 ms.
Mono: successfully reloaded assembly
- Completed reload, in  0.989 seconds
Platform modules already initialized, skipping
Refreshing native plugins compatible for Editor in 0.31 ms, found 2 plugins.
Preloading 0 native plugins for Editor in 0.00 ms.
Unloading 1390 Unused Serialized files (Serialized files now loaded: 0)
System memory in use before: 72.4 MB.
System memory in use after: 72.5 MB.

Unloading 14 unused Assets to reduce memory usage. Loaded Objects now: 1907.
Total: 1.787500 ms (FindLiveObjects: 0.150600 ms CreateObjectMapping: 0.050200 ms MarkObjects: 1.567300 ms  DeleteObjects: 0.018400 ms)

========================================================================
Received Prepare
Registering precompiled user dll's ...
Registered in 0.002591 seconds.
Begin MonoManager ReloadAssembly
Native extension for WindowsStandalone target not found
Refreshing native plugins compatible for Editor in 0.27 ms, found 2 plugins.
Preloading 0 native plugins for Editor in 0.00 ms.
Mono: successfully reloaded assembly
- Completed reload, in  0.890 seconds
Platform modules already initialized, skipping
Refreshing native plugins compatible for Editor in 0.31 ms, found 2 plugins.
Preloading 0 native plugins for Editor in 0.00 ms.
Unloading 1390 Unused Serialized files (Serialized files now loaded: 0)
System memory in use before: 72.4 MB.
System memory in use after: 72.5 MB.

Unloading 13 unused Assets to reduce memory usage. Loaded Objects now: 1910.
Total: 1.914300 ms (FindLiveObjects: 0.144600 ms CreateObjectMapping: 0.051600 ms MarkObjects: 1.702700 ms  DeleteObjects: 0.014200 ms)

========================================================================
Received Import Request.
  Time since last request: 172.951699 seconds.
  path: Assets/Prefabs/Ground.prefab
  artifactKey: Guid(2fec0c6b135c6324f9b1ecc19548a6c4) Importer(815301076,1909f56bfc062723c751e8b465ee728b)
Start importing Assets/Prefabs/Ground.prefab using Guid(2fec0c6b135c6324f9b1ecc19548a6c4) Importer(815301076,1909f56bfc062723c751e8b465ee728b)  -> (artifact id: '37338acf78ea3f00010905ddcc2b6176') in 0.057859 seconds
  Import took 0.060612 seconds .

========================================================================
Received Prepare
Registering precompiled user dll's ...
Registered in 0.002681 seconds.
Begin MonoManager ReloadAssembly
Native extension for WindowsStandalone target not found
Refreshing native plugins compatible for Editor in 0.29 ms, found 2 plugins.
Preloading 0 native plugins for Editor in 0.00 ms.
Mono: successfully reloaded assembly
- Completed reload, in  0.838 seconds
Platform modules already initialized, skipping
Refreshing native plugins compatible for Editor in 0.27 ms, found 2 plugins.
Preloading 0 native plugins for Editor in 0.00 ms.
Unloading 1390 Unused Serialized files (Serialized files now loaded: 0)
System memory in use before: 72.4 MB.
System memory in use after: 72.5 MB.

Unloading 14 unused Assets to reduce memory usage. Loaded Objects now: 1914.
Total: 1.473500 ms (FindLiveObjects: 0.120700 ms CreateObjectMapping: 0.039600 ms MarkObjects: 1.298200 ms  DeleteObjects: 0.014300 ms)

========================================================================
Received Prepare
Registering precompiled user dll's ...
Registered in 0.002764 seconds.
Begin MonoManager ReloadAssembly
Native extension for WindowsStandalone target not found
Refreshing native plugins compatible for Editor in 0.27 ms, found 2 plugins.
Preloading 0 native plugins for Editor in 0.00 ms.
Mono: successfully reloaded assembly
- Completed reload, in  0.839 seconds
Platform modules already initialized, skipping
Refreshing native plugins compatible for Editor in 0.28 ms, found 2 plugins.
Preloading 0 native plugins for Editor in 0.00 ms.
Unloading 1390 Unused Serialized files (Serialized files now loaded: 0)
System memory in use before: 72.4 MB.
System memory in use after: 72.5 MB.

Unloading 13 unused Assets to reduce memory usage. Loaded Objects now: 1917.
Total: 1.482100 ms (FindLiveObjects: 0.126700 ms CreateObjectMapping: 0.040300 ms MarkObjects: 1.302700 ms  DeleteObjects: 0.011600 ms)

========================================================================
Received Prepare
Registering precompiled user dll's ...
Registered in 0.002866 seconds.
Begin MonoManager ReloadAssembly
Native extension for WindowsStandalone target not found
Refreshing native plugins compatible for Editor in 0.27 ms, found 2 plugins.
Preloading 0 native plugins for Editor in 0.00 ms.
Mono: successfully reloaded assembly
- Completed reload, in  0.780 seconds
Platform modules already initialized, skipping
Refreshing native plugins compatible for Editor in 0.29 ms, found 2 plugins.
Preloading 0 native plugins for Editor in 0.00 ms.
Unloading 1390 Unused Serialized files (Serialized files now loaded: 0)
System memory in use before: 72.4 MB.
System memory in use after: 72.5 MB.

Unloading 13 unused Assets to reduce memory usage. Loaded Objects now: 1920.
Total: 1.914700 ms (FindLiveObjects: 0.145500 ms CreateObjectMapping: 0.035600 ms MarkObjects: 1.701400 ms  DeleteObjects: 0.031400 ms)

========================================================================
Received Prepare
Registering precompiled user dll's ...
Registered in 0.002802 seconds.
Begin MonoManager ReloadAssembly
Native extension for WindowsStandalone target not found
Refreshing native plugins compatible for Editor in 0.26 ms, found 2 plugins.
Preloading 0 native plugins for Editor in 0.00 ms.
Mono: successfully reloaded assembly
- Completed reload, in  0.834 seconds
Platform modules already initialized, skipping
Refreshing native plugins compatible for Editor in 0.27 ms, found 2 plugins.
Preloading 0 native plugins for Editor in 0.00 ms.
Unloading 1390 Unused Serialized files (Serialized files now loaded: 0)
System memory in use before: 72.4 MB.
System memory in use after: 72.6 MB.

Unloading 13 unused Assets to reduce memory usage. Loaded Objects now: 1923.
Total: 1.511500 ms (FindLiveObjects: 0.129200 ms CreateObjectMapping: 0.040600 ms MarkObjects: 1.305600 ms  DeleteObjects: 0.035100 ms)

========================================================================
Received Prepare
Registering precompiled user dll's ...
Registered in 0.002639 seconds.
Begin MonoManager ReloadAssembly
Native extension for WindowsStandalone target not found
Refreshing native plugins compatible for Editor in 0.26 ms, found 2 plugins.
Preloading 0 native plugins for Editor in 0.00 ms.
Mono: successfully reloaded assembly
- Completed reload, in  0.834 seconds
Platform modules already initialized, skipping
Refreshing native plugins compatible for Editor in 0.26 ms, found 2 plugins.
Preloading 0 native plugins for Editor in 0.00 ms.
Unloading 1390 Unused Serialized files (Serialized files now loaded: 0)
System memory in use before: 72.4 MB.
System memory in use after: 72.6 MB.

Unloading 13 unused Assets to reduce memory usage. Loaded Objects now: 1926.
Total: 1.464400 ms (FindLiveObjects: 0.124800 ms CreateObjectMapping: 0.040100 ms MarkObjects: 1.287300 ms  DeleteObjects: 0.011300 ms)

========================================================================
Received Prepare
Registering precompiled user dll's ...
Registered in 0.002974 seconds.
Begin MonoManager ReloadAssembly
Native extension for WindowsStandalone target not found
Refreshing native plugins compatible for Editor in 0.25 ms, found 2 plugins.
Preloading 0 native plugins for Editor in 0.00 ms.
Mono: successfully reloaded assembly
- Completed reload, in  0.767 seconds
Platform modules already initialized, skipping
Refreshing native plugins compatible for Editor in 0.65 ms, found 2 plugins.
Preloading 0 native plugins for Editor in 0.00 ms.
Unloading 1390 Unused Serialized files (Serialized files now loaded: 0)
System memory in use before: 72.5 MB.
System memory in use after: 72.6 MB.

Unloading 13 unused Assets to reduce memory usage. Loaded Objects now: 1929.
Total: 2.590300 ms (FindLiveObjects: 0.220600 ms CreateObjectMapping: 0.085800 ms MarkObjects: 2.266600 ms  DeleteObjects: 0.016100 ms)

========================================================================
Received Import Request.
  Time since last request: 659.873480 seconds.
  path: Assets/Prefabs/Ground.prefab
  artifactKey: Guid(2fec0c6b135c6324f9b1ecc19548a6c4) Importer(815301076,1909f56bfc062723c751e8b465ee728b)
Start importing Assets/Prefabs/Ground.prefab using Guid(2fec0c6b135c6324f9b1ecc19548a6c4) Importer(815301076,1909f56bfc062723c751e8b465ee728b)  -> (artifact id: '223fe5746eb422eb8f410f6b08698308') in 0.058534 seconds
  Import took 0.060943 seconds .

========================================================================
Received Import Request.
  Time since last request: 1.528846 seconds.
  path: Assets/Prefabs/Ground.prefab
  artifactKey: Guid(2fec0c6b135c6324f9b1ecc19548a6c4) Importer(815301076,1909f56bfc062723c751e8b465ee728b)
Start importing Assets/Prefabs/Ground.prefab using Guid(2fec0c6b135c6324f9b1ecc19548a6c4) Importer(815301076,1909f56bfc062723c751e8b465ee728b)  -> (artifact id: 'feb07ac4f266fc6c83d699a83dce0827') in 0.009882 seconds
  Import took 0.012086 seconds .

========================================================================
Received Prepare
Registering precompiled user dll's ...
Registered in 0.003297 seconds.
Begin MonoManager ReloadAssembly
Native extension for WindowsStandalone target not found
Refreshing native plugins compatible for Editor in 0.28 ms, found 2 plugins.
Preloading 0 native plugins for Editor in 0.00 ms.
Mono: successfully reloaded assembly
- Completed reload, in  0.860 seconds
Platform modules already initialized, skipping
Refreshing native plugins compatible for Editor in 0.34 ms, found 2 plugins.
Preloading 0 native plugins for Editor in 0.00 ms.
Unloading 1390 Unused Serialized files (Serialized files now loaded: 0)
System memory in use before: 72.5 MB.
System memory in use after: 72.6 MB.

Unloading 14 unused Assets to reduce memory usage. Loaded Objects now: 1933.
Total: 1.834300 ms (FindLiveObjects: 0.152000 ms CreateObjectMapping: 0.044600 ms MarkObjects: 1.618300 ms  DeleteObjects: 0.018200 ms)

========================================================================
Received Prepare
Registering precompiled user dll's ...
Registered in 0.003253 seconds.
Begin MonoManager ReloadAssembly
Native extension for WindowsStandalone target not found
Refreshing native plugins compatible for Editor in 0.41 ms, found 2 plugins.
Preloading 0 native plugins for Editor in 0.00 ms.
Mono: successfully reloaded assembly
- Completed reload, in  1.001 seconds
Platform modules already initialized, skipping
Refreshing native plugins compatible for Editor in 0.30 ms, found 2 plugins.
Preloading 0 native plugins for Editor in 0.00 ms.
Unloading 1390 Unused Serialized files (Serialized files now loaded: 0)
System memory in use before: 72.5 MB.
System memory in use after: 72.6 MB.

Unloading 13 unused Assets to reduce memory usage. Loaded Objects now: 1936.
Total: 1.759300 ms (FindLiveObjects: 0.140700 ms CreateObjectMapping: 0.043100 ms MarkObjects: 1.560800 ms  DeleteObjects: 0.013600 ms)

========================================================================
Received Prepare
Registering precompiled user dll's ...
Registered in 0.002827 seconds.
Begin MonoManager ReloadAssembly
Native extension for WindowsStandalone target not found
Refreshing native plugins compatible for Editor in 0.26 ms, found 2 plugins.
Preloading 0 native plugins for Editor in 0.00 ms.
Mono: successfully reloaded assembly
- Completed reload, in  0.880 seconds
Platform modules already initialized, skipping
Refreshing native plugins compatible for Editor in 0.27 ms, found 2 plugins.
Preloading 0 native plugins for Editor in 0.00 ms.
Unloading 1390 Unused Serialized files (Serialized files now loaded: 0)
System memory in use before: 72.5 MB.
System memory in use after: 72.6 MB.

Unloading 13 unused Assets to reduce memory usage. Loaded Objects now: 1939.
Total: 1.465400 ms (FindLiveObjects: 0.128000 ms CreateObjectMapping: 0.038400 ms MarkObjects: 1.286500 ms  DeleteObjects: 0.011800 ms)

========================================================================
Received Prepare
Registering precompiled user dll's ...
Registered in 0.002878 seconds.
Begin MonoManager ReloadAssembly
Native extension for WindowsStandalone target not found
Refreshing native plugins compatible for Editor in 0.27 ms, found 2 plugins.
Preloading 0 native plugins for Editor in 0.00 ms.
Mono: successfully reloaded assembly
- Completed reload, in  0.838 seconds
Platform modules already initialized, skipping
Refreshing native plugins compatible for Editor in 0.26 ms, found 2 plugins.
Preloading 0 native plugins for Editor in 0.00 ms.
Unloading 1390 Unused Serialized files (Serialized files now loaded: 0)
System memory in use before: 72.5 MB.
System memory in use after: 72.6 MB.

Unloading 13 unused Assets to reduce memory usage. Loaded Objects now: 1942.
Total: 1.413700 ms (FindLiveObjects: 0.141000 ms CreateObjectMapping: 0.038300 ms MarkObjects: 1.223200 ms  DeleteObjects: 0.010500 ms)

========================================================================
Received Prepare
Registering precompiled user dll's ...
Registered in 0.002747 seconds.
Begin MonoManager ReloadAssembly
Native extension for WindowsStandalone target not found
Refreshing native plugins compatible for Editor in 0.25 ms, found 2 plugins.
Preloading 0 native plugins for Editor in 0.00 ms.
Mono: successfully reloaded assembly
- Completed reload, in  0.841 seconds
Platform modules already initialized, skipping
Refreshing native plugins compatible for Editor in 0.27 ms, found 2 plugins.
Preloading 0 native plugins for Editor in 0.00 ms.
Unloading 1390 Unused Serialized files (Serialized files now loaded: 0)
System memory in use before: 72.5 MB.
System memory in use after: 72.6 MB.

Unloading 13 unused Assets to reduce memory usage. Loaded Objects now: 1945.
Total: 1.545500 ms (FindLiveObjects: 0.132900 ms CreateObjectMapping: 0.039700 ms MarkObjects: 1.359600 ms  DeleteObjects: 0.012500 ms)

========================================================================
Received Prepare
Registering precompiled user dll's ...
Registered in 0.002746 seconds.
Begin MonoManager ReloadAssembly
Native extension for WindowsStandalone target not found
Refreshing native plugins compatible for Editor in 0.28 ms, found 2 plugins.
Preloading 0 native plugins for Editor in 0.00 ms.
Mono: successfully reloaded assembly
- Completed reload, in  0.817 seconds
Platform modules already initialized, skipping
Refreshing native plugins compatible for Editor in 0.28 ms, found 2 plugins.
Preloading 0 native plugins for Editor in 0.00 ms.
Unloading 1390 Unused Serialized files (Serialized files now loaded: 0)
System memory in use before: 72.5 MB.
System memory in use after: 72.6 MB.

Unloading 13 unused Assets to reduce memory usage. Loaded Objects now: 1948.
Total: 1.639100 ms (FindLiveObjects: 0.128000 ms CreateObjectMapping: 0.039600 ms MarkObjects: 1.458300 ms  DeleteObjects: 0.012500 ms)

========================================================================
Received Import Request.
  Time since last request: 729.037348 seconds.
  path: ProjectSettings/TagManager.asset
  artifactKey: Guid(00000000000000003000000000000000) Importer(815301076,1909f56bfc062723c751e8b465ee728b)
Start importing ProjectSettings/TagManager.asset using Guid(00000000000000003000000000000000) Importer(815301076,1909f56bfc062723c751e8b465ee728b)  -> (artifact id: 'b84f974062ed3438420f0203b3696fba') in 0.023859 seconds
  Import took 0.025917 seconds .

AssetImportWorkerClient::OnTransportError - code=2 error=End of file
